#
# There is insufficient memory for the Java Runtime Environment to continue.
# Native memory allocation (mmap) failed to map 134217728 bytes for G1 virtual space
# Possible reasons:
#   The system is out of physical RAM or swap space
#   The process is running with CompressedOops enabled, and the Java Heap may be blocking the growth of the native heap
# Possible solutions:
#   Reduce memory load on the system
#   Increase physical memory or swap space
#   Check if swap backing store is full
#   Decrease Java heap size (-Xmx/-Xms)
#   Decrease number of Java threads
#   Decrease Java thread stack sizes (-Xss)
#   Set larger code cache with -XX:ReservedCodeCacheSize=
#   JVM is running with Unscaled Compressed Oops mode in which the Java heap is
#     placed in the first 4GB address space. The Java Heap base address is the
#     maximum limit for the native heap growth. Please use -XX:HeapBaseMinAddress
#     to set the Java Heap base and to place the Java Heap above 4GB virtual address.
# This output file may be truncated or incomplete.
#
#  Out of Memory Error (os_windows.cpp:3552), pid=13488, tid=16376
#
# JRE version:  (17.0.9+11) (build )
# Java VM: Java HotSpot(TM) 64-Bit Server VM (17.0.9+11-LTS-201, mixed mode, sharing, tiered, compressed oops, compressed class ptrs, g1 gc, windows-amd64)
# No core dump will be written. Minidumps are not enabled by default on client versions of Windows
#

---------------  S U M M A R Y ------------

Command Line: --module-path=C:\Users\lenovo\.gradle\caches\modules-2\files-2.1\org.openjfx\javafx-fxml\21.0.1\b46291a2451fa6b94e6cc365611156a92d6a05b7\javafx-fxml-21.0.1-win.jar;C:\Users\lenovo\.gradle\caches\modules-2\files-2.1\org.openjfx\javafx-controls\21.0.1\f97557705aba7fb552fe1bf6e4bdb72bab1924ba\javafx-controls-21.0.1-win.jar;C:\Users\lenovo\.gradle\caches\modules-2\files-2.1\org.openjfx\javafx-graphics\21.0.1\f92cc4656711f2ce8b1928d3b063fd4746ea23e4\javafx-graphics-21.0.1-win.jar;C:\Users\lenovo\.gradle\caches\modules-2\files-2.1\org.openjfx\javafx-base\21.0.1\adb6ee2aa7dff77286a0673dd0c001e318e7224\javafx-base-21.0.1-win.jar --add-modules=javafx.controls,javafx.fxml -Dfile.encoding=windows-1252 -Duser.country=US -Duser.language=en -Duser.variant Main

Host: Intel(R) Core(TM) i5-9300H CPU @ 2.40GHz, 8 cores, 7G,  Windows 10 , 64 bit Build 19041 (10.0.19041.3636)
Time: Tue Nov 28 02:06:29 2023 GTB Standard Time elapsed time: 0.040783 seconds (0d 0h 0m 0s)

---------------  T H R E A D  ---------------

Current thread (0x0000029d8c3a2b20):  JavaThread "Unknown thread" [_thread_in_vm, id=16376, stack(0x000000c1f8700000,0x000000c1f8800000)]

Stack: [0x000000c1f8700000,0x000000c1f8800000]
Native frames: (J=compiled Java code, j=interpreted, Vv=VM code, C=native code)
V  [jvm.dll+0x678a4a]
V  [jvm.dll+0x7d9cfd]
V  [jvm.dll+0x7db60e]
V  [jvm.dll+0x7dbc73]
V  [jvm.dll+0x245e1f]
V  [jvm.dll+0x6758f9]
V  [jvm.dll+0x66a2a2]
V  [jvm.dll+0x303686]
V  [jvm.dll+0x30ac06]
V  [jvm.dll+0x35a48e]
V  [jvm.dll+0x35a6bf]
V  [jvm.dll+0x2da678]
V  [jvm.dll+0x2db5e4]
V  [jvm.dll+0x7ab6b1]
V  [jvm.dll+0x368041]
V  [jvm.dll+0x78a749]
V  [jvm.dll+0x3ebd4f]
V  [jvm.dll+0x3ed7d1]
C  [jli.dll+0x5297]
C  [ucrtbase.dll+0x21bb2]
C  [KERNEL32.DLL+0x17344]
C  [ntdll.dll+0x526b1]


---------------  P R O C E S S  ---------------

Threads class SMR info:
_java_thread_list=0x00007ffd422089d8, length=0, elements={
}

Java Threads: ( => current thread )

Other Threads:
  0x0000029d8c3fc650 GCTaskThread "GC Thread#0" [stack: 0x000000c1f8800000,0x000000c1f8900000] [id=4804]
  0x0000029d8c40f150 ConcurrentGCThread "G1 Main Marker" [stack: 0x000000c1f8900000,0x000000c1f8a00000] [id=13540]
  0x0000029d8c410210 ConcurrentGCThread "G1 Conc#0" [stack: 0x000000c1f8a00000,0x000000c1f8b00000] [id=21444]

[error occurred during error reporting (printing all threads), id 0xc0000005, EXCEPTION_ACCESS_VIOLATION (0xc0000005) at pc=0x00007ffd41a3b2d7]

VM state: not at safepoint (not fully initialized)

VM Mutex/Monitor currently owned by a thread:  ([mutex/lock_event])
[0x0000029d8c39d7a0] Heap_lock - owner thread: 0x0000029d8c3a2b20

Heap address: 0x0000000081c00000, size: 2020 MB, Compressed Oops mode: 32-bit

CDS archive(s) mapped at: [0x0000000000000000-0x0000000000000000-0x0000000000000000), size 0, SharedBaseAddress: 0x0000000800000000, ArchiveRelocationMode: 1.
Narrow klass base: 0x0000000000000000, Narrow klass shift: 0, Narrow klass range: 0x0

GC Precious Log:
<Empty>

Heap:
 garbage-first heap   total 0K, used 0K [0x0000000081c00000, 0x0000000100000000)
  region size 1024K, 0 young (0K), 0 survivors (0K)

[error occurred during error reporting (printing heap information), id 0xc0000005, EXCEPTION_ACCESS_VIOLATION (0xc0000005) at pc=0x00007ffd41e22229]

GC Heap History (0 events):
No events

Deoptimization events (0 events):
No events

Classes unloaded (0 events):
No events

Classes redefined (0 events):
No events

Internal exceptions (0 events):
No events

VM Operations (0 events):
No events

Events (1 events):
Event: 0.010 Loaded shared library C:\Program Files\Java\jdk-17\bin\java.dll


Dynamic libraries:
0x00007ff6fa8a0000 - 0x00007ff6fa8b0000 	C:\Program Files\Java\jdk-17\bin\java.exe
0x00007ffda5170000 - 0x00007ffda5368000 	C:\WINDOWS\SYSTEM32\ntdll.dll
0x00007ffda4480000 - 0x00007ffda453d000 	C:\WINDOWS\System32\KERNEL32.DLL
0x00007ffda29f0000 - 0x00007ffda2ce6000 	C:\WINDOWS\System32\KERNELBASE.dll
0x00007ffda2850000 - 0x00007ffda2950000 	C:\WINDOWS\System32\ucrtbase.dll
0x00007ffd9add0000 - 0x00007ffd9ade9000 	C:\Program Files\Java\jdk-17\bin\jli.dll
0x00007ffd878f0000 - 0x00007ffd8790b000 	C:\Program Files\Java\jdk-17\bin\VCRUNTIME140.dll
0x00007ffda43d0000 - 0x00007ffda447f000 	C:\WINDOWS\System32\ADVAPI32.dll
0x00007ffda3210000 - 0x00007ffda32ae000 	C:\WINDOWS\System32\msvcrt.dll
0x00007ffda3c60000 - 0x00007ffda3cfc000 	C:\WINDOWS\System32\sechost.dll
0x00007ffda3660000 - 0x00007ffda3786000 	C:\WINDOWS\System32\RPCRT4.dll
0x00007ffda3790000 - 0x00007ffda392e000 	C:\WINDOWS\System32\USER32.dll
0x00007ffd84db0000 - 0x00007ffd8504a000 	C:\WINDOWS\WinSxS\amd64_microsoft.windows.common-controls_6595b64144ccf1df_6.0.19041.3636_none_60b6a03d71f818d5\COMCTL32.dll
0x00007ffda2cf0000 - 0x00007ffda2d12000 	C:\WINDOWS\System32\win32u.dll
0x00007ffda31d0000 - 0x00007ffda31fc000 	C:\WINDOWS\System32\GDI32.dll
0x00007ffda2dd0000 - 0x00007ffda2eea000 	C:\WINDOWS\System32\gdi32full.dll
0x00007ffda2950000 - 0x00007ffda29ed000 	C:\WINDOWS\System32\msvcp_win.dll
0x00007ffd93340000 - 0x00007ffd9334a000 	C:\WINDOWS\SYSTEM32\VERSION.dll
0x00007ffda3d00000 - 0x00007ffda3d30000 	C:\WINDOWS\System32\IMM32.DLL
0x00007ffd9b430000 - 0x00007ffd9b43c000 	C:\Program Files\Java\jdk-17\bin\vcruntime140_1.dll
0x00007ffd79420000 - 0x00007ffd794ae000 	C:\Program Files\Java\jdk-17\bin\msvcp140.dll
0x00007ffd41750000 - 0x00007ffd42331000 	C:\Program Files\Java\jdk-17\bin\server\jvm.dll
0x00007ffda33e0000 - 0x00007ffda33e8000 	C:\WINDOWS\System32\PSAPI.DLL
0x00007ffd99860000 - 0x00007ffd99869000 	C:\WINDOWS\SYSTEM32\WSOCK32.dll
0x00007ffd88f40000 - 0x00007ffd88f67000 	C:\WINDOWS\SYSTEM32\WINMM.dll
0x00007ffda3b60000 - 0x00007ffda3bcb000 	C:\WINDOWS\System32\WS2_32.dll
0x00007ffda1060000 - 0x00007ffda1072000 	C:\WINDOWS\SYSTEM32\kernel.appcore.dll
0x00007ffd92bb0000 - 0x00007ffd92bba000 	C:\Program Files\Java\jdk-17\bin\jimage.dll
0x00007ffda0d80000 - 0x00007ffda0f64000 	C:\WINDOWS\SYSTEM32\DBGHELP.DLL
0x00007ffd92a50000 - 0x00007ffd92a84000 	C:\WINDOWS\SYSTEM32\dbgcore.DLL
0x00007ffda3110000 - 0x00007ffda3192000 	C:\WINDOWS\System32\bcryptPrimitives.dll
0x00007ffd82030000 - 0x00007ffd82055000 	C:\Program Files\Java\jdk-17\bin\java.dll

dbghelp: loaded successfully - version: 4.0.5 - missing functions: none
symbol engine: initialized successfully - sym options: 0x614 - pdb path: .;C:\Program Files\Java\jdk-17\bin;C:\WINDOWS\SYSTEM32;C:\WINDOWS\WinSxS\amd64_microsoft.windows.common-controls_6595b64144ccf1df_6.0.19041.3636_none_60b6a03d71f818d5;C:\Program Files\Java\jdk-17\bin\server

VM Arguments:
jvm_args: --module-path=C:\Users\lenovo\.gradle\caches\modules-2\files-2.1\org.openjfx\javafx-fxml\21.0.1\b46291a2451fa6b94e6cc365611156a92d6a05b7\javafx-fxml-21.0.1-win.jar;C:\Users\lenovo\.gradle\caches\modules-2\files-2.1\org.openjfx\javafx-controls\21.0.1\f97557705aba7fb552fe1bf6e4bdb72bab1924ba\javafx-controls-21.0.1-win.jar;C:\Users\lenovo\.gradle\caches\modules-2\files-2.1\org.openjfx\javafx-graphics\21.0.1\f92cc4656711f2ce8b1928d3b063fd4746ea23e4\javafx-graphics-21.0.1-win.jar;C:\Users\lenovo\.gradle\caches\modules-2\files-2.1\org.openjfx\javafx-base\21.0.1\adb6ee2aa7dff77286a0673dd0c001e318e7224\javafx-base-21.0.1-win.jar --add-modules=javafx.controls,javafx.fxml -Dfile.encoding=windows-1252 -Duser.country=US -Duser.language=en -Duser.variant 
java_command: Main
java_class_path (initial): D:\Proiect Gradle\Project_Gradle_Szabo_Szilard\build\classes\java\main;D:\Proiect Gradle\Project_Gradle_Szabo_Szilard\build\resources\main;C:\Users\lenovo\.gradle\caches\modules-2\files-2.1\com.mysql\mysql-connector-j\8.0.32\41ec3f8cdaccf6c46a47d7cd628eeb59a926d9d4\mysql-connector-j-8.0.32.jar;C:\Users\lenovo\.gradle\caches\modules-2\files-2.1\com.google.protobuf\protobuf-java\3.21.9\ed1240d9231044ce6ccf1978512f6e44416bb7e7\protobuf-java-3.21.9.jar
Launcher Type: SUN_STANDARD

[Global flags]
     intx CICompilerCount                          = 4                                         {product} {ergonomic}
     uint ConcGCThreads                            = 2                                         {product} {ergonomic}
     uint G1ConcRefinementThreads                  = 8                                         {product} {ergonomic}
   size_t G1HeapRegionSize                         = 1048576                                   {product} {ergonomic}
    uintx GCDrainStackTargetSize                   = 64                                        {product} {ergonomic}
   size_t InitialHeapSize                          = 134217728                                 {product} {ergonomic}
   size_t MarkStackSize                            = 4194304                                   {product} {ergonomic}
   size_t MaxHeapSize                              = 2118123520                                {product} {ergonomic}
   size_t MinHeapDeltaBytes                        = 1048576                                   {product} {ergonomic}
   size_t MinHeapSize                              = 8388608                                   {product} {ergonomic}
    uintx NonNMethodCodeHeapSize                   = 5839372                                {pd product} {ergonomic}
    uintx NonProfiledCodeHeapSize                  = 122909434                              {pd product} {ergonomic}
    uintx ProfiledCodeHeapSize                     = 122909434                              {pd product} {ergonomic}
    uintx ReservedCodeCacheSize                    = 251658240                              {pd product} {ergonomic}
     bool SegmentedCodeCache                       = true                                      {product} {ergonomic}
   size_t SoftMaxHeapSize                          = 2118123520                             {manageable} {ergonomic}
     bool UseCompressedClassPointers               = true                           {product lp64_product} {ergonomic}
     bool UseCompressedOops                        = true                           {product lp64_product} {ergonomic}
     bool UseG1GC                                  = true                                      {product} {ergonomic}
     bool UseLargePagesIndividualAllocation        = false                                  {pd product} {ergonomic}

Logging:
Log output configuration:
 #0: stdout all=warning uptime,level,tags
 #1: stderr all=off uptime,level,tags

Environment Variables:
JAVA_HOME=C:\Program Files\Java\jdk-17
PATH=C:\Program Files\Common Files\Oracle\Java\javapath;C:\Python310\Scripts\;C:\Python310\;C:\Program Files (x86)\Common Files\Oracle\Java\javapath;C:\Windows\system32;C:\Windows;C:\Windows\System32\Wbem;C:\Windows\System32\WindowsPowerShell\v1.0\;C:\Windows\System32\OpenSSH\;C:\WINDOWS\system32;C:\WINDOWS;C:\WINDOWS\System32\Wbem;C:\WINDOWS\System32\WindowsPowerShell\v1.0\;C:\WINDOWS\System32\OpenSSH\;C:\Program Files (x86)\NVIDIA Corporation\PhysX\Common;C:\Program Files\NVIDIA Corporation\NVIDIA NvDLISR;D:\putty\;C:\WINDOWS\system32;C:\WINDOWS;C:\WINDOWS\System32\Wbem;C:\WINDOWS\System32\WindowsPowerShell\v1.0\;C:\WINDOWS\System32\OpenSSH\;C:\Program Files\dotnet\;C:\Program Files\Microsoft SQL Server\130\Tools\Binn\;C:\PROGRA~2\Aldec\ACTIVE~1.3\BIN;D:\;C:\ProgramData\chocolatey\bin;D:\Git\cmd;D:\MATLAB\bin;C:\Program Files\MySQL\MySQL Server 8.0\bin;C:\Python34\Scripts;C:\Users\lenovo\AppData\Local\Packages\PythonSoftwareFoundation.Python.3.11_qbz5n2kfra8p0\LocalCache\local-packages\Python311\Scripts;C:\Program Files\Common Files\Oracle\Java\javapath;C:\Python310\Scripts\;C:\Python310\;C:\Program Files (x86)\Common Files\Oracle\Java\javapath;C:\Windows\system32;C:\Windows;C:\Windows\System32\Wbem;C:\Windows\System32\WindowsPowerShell\v1.0\;C:\Windows\System32\OpenSSH\;C:\WINDOWS\system32;C:\WINDOWS;C:\WINDOWS\System32\Wbem;C:\WINDOWS\System32\WindowsPowerShell\v1.0\;C:\WINDOWS\System32\OpenSSH\;C:\Program Files (x86)\NVIDIA Corporation\PhysX\Common;C:\Program Files\NVIDIA Corporation\NVIDIA NvDLISR;D:\putty\;C:\WINDOWS\system32;C:\WINDOWS;C:\WINDOWS\System32\Wbem;C:\WINDOWS\System32\WindowsPowerShell\v1.0\;C:\WINDOWS\System32\OpenSSH\;C:\Program Files\dotnet\;C:\Program Files\Microsoft SQL Server\130\Tools\Binn\;C:\PROGRA~2\Aldec\ACTIVE~1.3\BIN;D:\;C:\ProgramData\chocolatey\bin;D:\Git\cmd;D:\MATLAB\bin;C:\Program Files\MySQL\MySQL Server 8.0\bin;D:\ELM\0.19.1\bin;C:\Users\lenovo\AppData\Local\Microsoft\WindowsApps;;D:\OJI\FP\bin\i386-Win32;C:\Program Files (x86)\N
USERNAME=lenovo
OS=Windows_NT
PROCESSOR_IDENTIFIER=Intel64 Family 6 Model 158 Stepping 10, GenuineIntel



---------------  S Y S T E M  ---------------

OS:
 Windows 10 , 64 bit Build 19041 (10.0.19041.3636)
OS uptime: 4 days 2:28 hours
Hyper-V role detected

CPU: total 8 (initial active 8) (4 cores per cpu, 2 threads per core) family 6 model 158 stepping 10 microcode 0xb4, cx8, cmov, fxsr, ht, mmx, 3dnowpref, sse, sse2, sse3, ssse3, sse4.1, sse4.2, popcnt, lzcnt, tsc, tscinvbit, avx, avx2, aes, erms, clmul, bmi1, bmi2, adx, fma, vzeroupper, clflush, clflushopt, hv

Memory: 4k page, system-wide physical 8072M (418M free)
TotalPageFile size 20142M (AvailPageFile size 73M)
current process WorkingSet (physical memory assigned to process): 10M, peak: 10M
current process commit charge ("private bytes"): 60M, peak: 188M

vm_info: Java HotSpot(TM) 64-Bit Server VM (17.0.9+11-LTS-201) for windows-amd64 JRE (17.0.9+11-LTS-201), built on Oct 10 2023 23:16:06 by "mach5one" with MS VC++ 17.1 (VS2022)

END.
