#
# There is insufficient memory for the Java Runtime Environment to continue.
# Native memory allocation (malloc) failed to allocate 1896176 bytes for Chunk::new
# Possible reasons:
#   The system is out of physical RAM or swap space
#   The process is running with CompressedOops enabled, and the Java Heap may be blocking the growth of the native heap
# Possible solutions:
#   Reduce memory load on the system
#   Increase physical memory or swap space
#   Check if swap backing store is full
#   Decrease Java heap size (-Xmx/-Xms)
#   Decrease number of Java threads
#   Decrease Java thread stack sizes (-Xss)
#   Set larger code cache with -XX:ReservedCodeCacheSize=
#   JVM is running with Unscaled Compressed Oops mode in which the Java heap is
#     placed in the first 4GB address space. The Java Heap base address is the
#     maximum limit for the native heap growth. Please use -XX:HeapBaseMinAddress
#     to set the Java Heap base and to place the Java Heap above 4GB virtual address.
# This output file may be truncated or incomplete.
#
#  Out of Memory Error (arena.cpp:189), pid=14252, tid=8984
#
# JRE version: Java(TM) SE Runtime Environment (17.0.9+11) (build 17.0.9+11-LTS-201)
# Java VM: Java HotSpot(TM) 64-Bit Server VM (17.0.9+11-LTS-201, mixed mode, sharing, tiered, compressed oops, compressed class ptrs, g1 gc, windows-amd64)
# No core dump will be written. Minidumps are not enabled by default on client versions of Windows
#

---------------  S U M M A R Y ------------

Command Line: --add-opens=java.base/java.util=ALL-UNNAMED --add-opens=java.base/java.lang=ALL-UNNAMED --add-opens=java.base/java.lang.invoke=ALL-UNNAMED --add-opens=java.prefs/java.util.prefs=ALL-UNNAMED --add-opens=java.base/java.nio.charset=ALL-UNNAMED --add-opens=java.base/java.net=ALL-UNNAMED --add-opens=java.base/java.util.concurrent.atomic=ALL-UNNAMED -XX:MaxMetaspaceSize=384m -XX:+HeapDumpOnOutOfMemoryError -Xms256m -Xmx512m -Dfile.encoding=windows-1252 -Duser.country=US -Duser.language=en -Duser.variant -javaagent:C:\Users\lenovo\.gradle\wrapper\dists\gradle-8.4-bin\1w5dpkrfk8irigvoxmyhowfim\gradle-8.4\lib\agents\gradle-instrumentation-agent-8.4.jar org.gradle.launcher.daemon.bootstrap.GradleDaemon 8.4

Host: Intel(R) Core(TM) i5-9300H CPU @ 2.40GHz, 8 cores, 7G,  Windows 10 , 64 bit Build 19041 (10.0.19041.3636)
Time: Tue Nov 28 02:08:30 2023 GTB Standard Time elapsed time: 8.939878 seconds (0d 0h 0m 8s)

---------------  T H R E A D  ---------------

Current thread (0x000001e5d3cfa660):  JavaThread "C2 CompilerThread1" daemon [_thread_in_native, id=8984, stack(0x00000024f5300000,0x00000024f5400000)]


Current CompileTask:
C2:   8940 5172       4       org.objectweb.asm.SymbolTable::addConstantMemberReference (147 bytes)

Stack: [0x00000024f5300000,0x00000024f5400000]
Native frames: (J=compiled Java code, j=interpreted, Vv=VM code, C=native code)
V  [jvm.dll+0x678a4a]
V  [jvm.dll+0x7d9cfd]
V  [jvm.dll+0x7db60e]
V  [jvm.dll+0x7dbc73]
V  [jvm.dll+0x245e1f]
V  [jvm.dll+0xaaafb]
V  [jvm.dll+0xab09c]
V  [jvm.dll+0x36232f]
V  [jvm.dll+0x32ca01]
V  [jvm.dll+0x32be9a]
V  [jvm.dll+0x21812f]
V  [jvm.dll+0x217561]
V  [jvm.dll+0x1a3bc0]
V  [jvm.dll+0x2272de]
V  [jvm.dll+0x22548b]
V  [jvm.dll+0x78f58c]
V  [jvm.dll+0x78998a]
V  [jvm.dll+0x677875]
C  [ucrtbase.dll+0x21bb2]
C  [KERNEL32.DLL+0x17344]
C  [ntdll.dll+0x526b1]


---------------  P R O C E S S  ---------------

Threads class SMR info:
_java_thread_list=0x000001e5d5179820, length=49, elements={
0x000001e59e034800, 0x000001e5b890d5e0, 0x000001e5b890e370, 0x000001e5b8924d60,
0x000001e5b8926840, 0x000001e5b8929220, 0x000001e5b8929af0, 0x000001e5b892a7a0,
0x000001e5b8936670, 0x000001e5b8938f90, 0x000001e5b88f6bd0, 0x000001e5b8be6a50,
0x000001e5d37f7010, 0x000001e5d2213830, 0x000001e5d3bc7180, 0x000001e5d3ae3670,
0x000001e5d34640b0, 0x000001e5d3010310, 0x000001e5d3589500, 0x000001e5d3ae0110,
0x000001e5d3ae0620, 0x000001e5d3ae1040, 0x000001e5d3ae1550, 0x000001e5d3ae1a60,
0x000001e5d40b9cd0, 0x000001e5d40ba6f0, 0x000001e5d40ba1e0, 0x000001e5d40bb110,
0x000001e5d40bcf70, 0x000001e5d40bac00, 0x000001e5d40bca60, 0x000001e5d40bd480,
0x000001e5d40c1140, 0x000001e5d40bb620, 0x000001e5d40bc040, 0x000001e5d40bc550,
0x000001e5d40bd990, 0x000001e5d40bdea0, 0x000001e5d40be3b0, 0x000001e5d40bf2e0,
0x000001e5d40c0c30, 0x000001e5d3cfa660, 0x000001e5d3b7fdc0, 0x000001e5d3b7f3a0,
0x000001e5d3b7f8b0, 0x000001e5d3b807e0, 0x000001e5d40c0720, 0x000001e5d6551a60,
0x000001e5d34b34c0
}

Java Threads: ( => current thread )
  0x000001e59e034800 JavaThread "main" [_thread_blocked, id=9096, stack(0x00000024f2e00000,0x00000024f2f00000)]
  0x000001e5b890d5e0 JavaThread "Reference Handler" daemon [_thread_blocked, id=15644, stack(0x00000024f3500000,0x00000024f3600000)]
  0x000001e5b890e370 JavaThread "Finalizer" daemon [_thread_blocked, id=14632, stack(0x00000024f3600000,0x00000024f3700000)]
  0x000001e5b8924d60 JavaThread "Signal Dispatcher" daemon [_thread_blocked, id=11556, stack(0x00000024f3700000,0x00000024f3800000)]
  0x000001e5b8926840 JavaThread "Attach Listener" daemon [_thread_blocked, id=5708, stack(0x00000024f3800000,0x00000024f3900000)]
  0x000001e5b8929220 JavaThread "Service Thread" daemon [_thread_blocked, id=11068, stack(0x00000024f3900000,0x00000024f3a00000)]
  0x000001e5b8929af0 JavaThread "Monitor Deflation Thread" daemon [_thread_blocked, id=1044, stack(0x00000024f3a00000,0x00000024f3b00000)]
  0x000001e5b892a7a0 JavaThread "C2 CompilerThread0" daemon [_thread_in_native, id=5752, stack(0x00000024f3b00000,0x00000024f3c00000)]
  0x000001e5b8936670 JavaThread "C1 CompilerThread0" daemon [_thread_blocked, id=9836, stack(0x00000024f3c00000,0x00000024f3d00000)]
  0x000001e5b8938f90 JavaThread "Sweeper thread" daemon [_thread_blocked, id=21960, stack(0x00000024f3d00000,0x00000024f3e00000)]
  0x000001e5b88f6bd0 JavaThread "Common-Cleaner" daemon [_thread_blocked, id=14084, stack(0x00000024f3e00000,0x00000024f3f00000)]
  0x000001e5b8be6a50 JavaThread "Notification Thread" daemon [_thread_blocked, id=8828, stack(0x00000024f3f00000,0x00000024f4000000)]
  0x000001e5d37f7010 JavaThread "Daemon health stats" [_thread_blocked, id=5788, stack(0x00000024f4800000,0x00000024f4900000)]
  0x000001e5d2213830 JavaThread "Incoming local TCP Connector on port 50288" [_thread_in_native, id=15020, stack(0x00000024f4100000,0x00000024f4200000)]
  0x000001e5d3bc7180 JavaThread "Daemon periodic checks" [_thread_blocked, id=18872, stack(0x00000024f4200000,0x00000024f4300000)]
  0x000001e5d3ae3670 JavaThread "Daemon" [_thread_blocked, id=13896, stack(0x00000024f4900000,0x00000024f4a00000)]
  0x000001e5d34640b0 JavaThread "Handler for socket connection from /127.0.0.1:50288 to /127.0.0.1:50289" [_thread_in_native, id=1836, stack(0x00000024f4a00000,0x00000024f4b00000)]
  0x000001e5d3010310 JavaThread "Cancel handler" [_thread_blocked, id=5540, stack(0x00000024f4b00000,0x00000024f4c00000)]
  0x000001e5d3589500 JavaThread "Daemon worker" [_thread_in_vm, id=8424, stack(0x00000024f4c00000,0x00000024f4d00000)]
  0x000001e5d3ae0110 JavaThread "Asynchronous log dispatcher for DefaultDaemonConnection: socket connection from /127.0.0.1:50288 to /127.0.0.1:50289" [_thread_blocked, id=13932, stack(0x00000024f4d00000,0x00000024f4e00000)]
  0x000001e5d3ae0620 JavaThread "Stdin handler" [_thread_blocked, id=2732, stack(0x00000024f4e00000,0x00000024f4f00000)]
  0x000001e5d3ae1040 JavaThread "Daemon client event forwarder" [_thread_blocked, id=11904, stack(0x00000024f4f00000,0x00000024f5000000)]
  0x000001e5d3ae1550 JavaThread "Cache worker for journal cache (C:\Users\lenovo\.gradle\caches\journal-1)" [_thread_blocked, id=4172, stack(0x00000024f5000000,0x00000024f5100000)]
  0x000001e5d3ae1a60 JavaThread "File lock request listener" [_thread_in_native, id=14892, stack(0x00000024f5100000,0x00000024f5200000)]
  0x000001e5d40b9cd0 JavaThread "Cache worker for file hash cache (C:\Users\lenovo\.gradle\caches\8.4\fileHashes)" [_thread_blocked, id=8728, stack(0x00000024f5200000,0x00000024f5300000)]
  0x000001e5d40ba6f0 JavaThread "File watcher server" daemon [_thread_in_native, id=22744, stack(0x00000024f5500000,0x00000024f5600000)]
  0x000001e5d40ba1e0 JavaThread "File watcher consumer" daemon [_thread_blocked, id=12624, stack(0x00000024f5600000,0x00000024f5700000)]
  0x000001e5d40bb110 JavaThread "jar transforms" [_thread_blocked, id=4456, stack(0x00000024f5700000,0x00000024f5800000)]
  0x000001e5d40bcf70 JavaThread "jar transforms Thread 2" [_thread_blocked, id=15872, stack(0x00000024f5800000,0x00000024f5900000)]
  0x000001e5d40bac00 JavaThread "jar transforms Thread 3" [_thread_blocked, id=13980, stack(0x00000024f5900000,0x00000024f5a00000)]
  0x000001e5d40bca60 JavaThread "jar transforms Thread 4" [_thread_blocked, id=15248, stack(0x00000024f5a00000,0x00000024f5b00000)]
  0x000001e5d40bd480 JavaThread "jar transforms Thread 5" [_thread_blocked, id=20640, stack(0x00000024f5b00000,0x00000024f5c00000)]
  0x000001e5d40c1140 JavaThread "jar transforms Thread 6" [_thread_blocked, id=23120, stack(0x00000024f5c00000,0x00000024f5d00000)]
  0x000001e5d40bb620 JavaThread "jar transforms Thread 7" [_thread_blocked, id=15800, stack(0x00000024f5d00000,0x00000024f5e00000)]
  0x000001e5d40bc040 JavaThread "jar transforms Thread 8" [_thread_blocked, id=4972, stack(0x00000024f5e00000,0x00000024f5f00000)]
  0x000001e5d40bc550 JavaThread "Cache worker for checksums cache (D:\Proiect Gradle\Project_Gradle_Szabo_Szilard\.gradle\8.4\checksums)" [_thread_blocked, id=6612, stack(0x00000024f6200000,0x00000024f6300000)]
  0x000001e5d40bd990 JavaThread "Cache worker for file hash cache (D:\Proiect Gradle\Project_Gradle_Szabo_Szilard\.gradle\8.4\fileHashes)" [_thread_blocked, id=22376, stack(0x00000024f6300000,0x00000024f6400000)]
  0x000001e5d40bdea0 JavaThread "Cache worker for cache directory md-supplier (C:\Users\lenovo\.gradle\caches\8.4\md-supplier)" [_thread_blocked, id=22832, stack(0x00000024f6400000,0x00000024f6500000)]
  0x000001e5d40be3b0 JavaThread "Cache worker for file content cache (C:\Users\lenovo\.gradle\caches\8.4\fileContent)" [_thread_blocked, id=11184, stack(0x00000024f6500000,0x00000024f6600000)]
  0x000001e5d40bf2e0 JavaThread "Cache worker for cache directory md-rule (C:\Users\lenovo\.gradle\caches\8.4\md-rule)" [_thread_blocked, id=20320, stack(0x00000024f6600000,0x00000024f6700000)]
  0x000001e5d40c0c30 JavaThread "Cache worker for execution history cache (C:\Users\lenovo\.gradle\caches\8.4\executionHistory)" [_thread_blocked, id=18252, stack(0x00000024f6700000,0x00000024f6800000)]
=>0x000001e5d3cfa660 JavaThread "C2 CompilerThread1" daemon [_thread_in_native, id=8984, stack(0x00000024f5300000,0x00000024f5400000)]
  0x000001e5d3b7fdc0 JavaThread "Cache worker for dependencies-accessors (D:\Proiect Gradle\Project_Gradle_Szabo_Szilard\.gradle\8.4\dependencies-accessors)" [_thread_blocked, id=14664, stack(0x00000024f5400000,0x00000024f5500000)]
  0x000001e5d3b7f3a0 JavaThread "Cache worker for Build Output Cleanup Cache (D:\Proiect Gradle\Project_Gradle_Szabo_Szilard\.gradle\buildOutputCleanup)" [_thread_blocked, id=19152, stack(0x00000024f6c00000,0x00000024f6d00000)]
  0x000001e5d3b7f8b0 JavaThread "Unconstrained build operations" [_thread_blocked, id=8684, stack(0x00000024f6d00000,0x00000024f6e00000)]
  0x000001e5d3b807e0 JavaThread "Unconstrained build operations Thread 2" [_thread_blocked, id=1492, stack(0x00000024f6e00000,0x00000024f6f00000)]
  0x000001e5d40c0720 JavaThread "Unconstrained build operations Thread 3" [_thread_blocked, id=8240, stack(0x00000024f6f00000,0x00000024f7000000)]
  0x000001e5d6551a60 JavaThread "Unconstrained build operations Thread 4" [_thread_blocked, id=23252, stack(0x00000024f7000000,0x00000024f7100000)]
  0x000001e5d34b34c0 JavaThread "Memory manager" [_thread_blocked, id=3728, stack(0x00000024f7100000,0x00000024f7200000)]

Other Threads:
  0x000001e5b8909ad0 VMThread "VM Thread" [stack: 0x00000024f3400000,0x00000024f3500000] [id=3488]
  0x000001e59e06f500 WatcherThread [stack: 0x00000024f4000000,0x00000024f4100000] [id=20392]
  0x000001e59e061590 GCTaskThread "GC Thread#0" [stack: 0x00000024f2f00000,0x00000024f3000000] [id=14972]
  0x000001e5d283ae80 GCTaskThread "GC Thread#1" [stack: 0x00000024f4300000,0x00000024f4400000] [id=15140]
  0x000001e5d239d400 GCTaskThread "GC Thread#2" [stack: 0x00000024f4400000,0x00000024f4500000] [id=2720]
  0x000001e5b8d664e0 GCTaskThread "GC Thread#3" [stack: 0x00000024f4500000,0x00000024f4600000] [id=6932]
  0x000001e5d23a0f50 GCTaskThread "GC Thread#4" [stack: 0x00000024f4600000,0x00000024f4700000] [id=4916]
  0x000001e5d292a3d0 GCTaskThread "GC Thread#5" [stack: 0x00000024f4700000,0x00000024f4800000] [id=3532]
  0x000001e5d56de0b0 GCTaskThread "GC Thread#6" [stack: 0x00000024f5f00000,0x00000024f6000000] [id=10680]
  0x000001e5d444c4e0 GCTaskThread "GC Thread#7" [stack: 0x00000024f6000000,0x00000024f6100000] [id=4212]
  0x000001e59e067400 ConcurrentGCThread "G1 Main Marker" [stack: 0x00000024f3000000,0x00000024f3100000] [id=23396]
  0x000001e59e067d20 ConcurrentGCThread "G1 Conc#0" [stack: 0x00000024f3100000,0x00000024f3200000] [id=13812]
  0x000001e5d4e078c0 ConcurrentGCThread "G1 Conc#1" [stack: 0x00000024f6100000,0x00000024f6200000] [id=21364]
  0x000001e59e10e6c0 ConcurrentGCThread "G1 Refine#0" [stack: 0x00000024f3200000,0x00000024f3300000] [id=22372]
  0x000001e5d52e0e50 ConcurrentGCThread "G1 Refine#1" [stack: 0x00000024f6800000,0x00000024f6900000] [id=1340]
  0x000001e5d52e22e0 ConcurrentGCThread "G1 Refine#2" [stack: 0x00000024f6900000,0x00000024f6a00000] [id=9268]
  0x000001e5d52e25d0 ConcurrentGCThread "G1 Refine#3" [stack: 0x00000024f6a00000,0x00000024f6b00000] [id=10724]
  0x000001e5d52e0b60 ConcurrentGCThread "G1 Refine#4" [stack: 0x00000024f6b00000,0x00000024f6c00000] [id=15244]
  0x000001e5b87ce270 ConcurrentGCThread "G1 Service" [stack: 0x00000024f3300000,0x00000024f3400000] [id=6992]

Threads with active compile tasks:
C2 CompilerThread0     8981 5252       4       org.objectweb.asm.Frame::execute (2318 bytes)
C2 CompilerThread1     8981 5172       4       org.objectweb.asm.SymbolTable::addConstantMemberReference (147 bytes)

VM state: not at safepoint (normal execution)

VM Mutex/Monitor currently owned by a thread: None

Heap address: 0x00000000e0000000, size: 512 MB, Compressed Oops mode: 32-bit

CDS archive(s) mapped at: [0x000001e5b9000000-0x000001e5b9bd0000-0x000001e5b9bd0000), size 12386304, SharedBaseAddress: 0x000001e5b9000000, ArchiveRelocationMode: 1.
Compressed class space mapped at: 0x000001e5ba000000-0x000001e5ce000000, reserved size: 335544320
Narrow klass base: 0x000001e5b9000000, Narrow klass shift: 0, Narrow klass range: 0x100000000

GC Precious Log:
 CPUs: 8 total, 8 available
 Memory: 8072M
 Large Page Support: Disabled
 NUMA Support: Disabled
 Compressed Oops: Enabled (32-bit)
 Heap Region Size: 1M
 Heap Min Capacity: 256M
 Heap Initial Capacity: 256M
 Heap Max Capacity: 512M
 Pre-touch: Disabled
 Parallel Workers: 8
 Concurrent Workers: 2
 Concurrent Refinement Workers: 8
 Periodic GC: Disabled

Heap:
 garbage-first heap   total 262144K, used 84753K [0x00000000e0000000, 0x0000000100000000)
  region size 1024K, 20 young (20480K), 9 survivors (9216K)
 Metaspace       used 48611K, committed 49216K, reserved 393216K
  class space    used 6929K, committed 7232K, reserved 327680K

Heap Regions: E=young(eden), S=young(survivor), O=old, HS=humongous(starts), HC=humongous(continues), CS=collection set, F=free, OA=open archive, CA=closed archive, TAMS=top-at-mark-start (previous, next)
|   0|0x00000000e0000000, 0x00000000e0100000, 0x00000000e0100000|100%|HS|  |TAMS 0x00000000e0100000, 0x00000000e0000000| Complete 
|   1|0x00000000e0100000, 0x00000000e0200000, 0x00000000e0200000|100%|HC|  |TAMS 0x00000000e0200000, 0x00000000e0100000| Complete 
|   2|0x00000000e0200000, 0x00000000e0300000, 0x00000000e0300000|100%|HC|  |TAMS 0x00000000e0300000, 0x00000000e0200000| Complete 
|   3|0x00000000e0300000, 0x00000000e0400000, 0x00000000e0400000|100%|HC|  |TAMS 0x00000000e0400000, 0x00000000e0300000| Complete 
|   4|0x00000000e0400000, 0x00000000e0500000, 0x00000000e0500000|100%| O|  |TAMS 0x00000000e0500000, 0x00000000e0400000| Untracked 
|   5|0x00000000e0500000, 0x00000000e0600000, 0x00000000e0600000|100%| O|  |TAMS 0x00000000e0600000, 0x00000000e0500000| Untracked 
|   6|0x00000000e0600000, 0x00000000e0700000, 0x00000000e0700000|100%| O|  |TAMS 0x00000000e0700000, 0x00000000e0600000| Untracked 
|   7|0x00000000e0700000, 0x00000000e0800000, 0x00000000e0800000|100%| O|  |TAMS 0x00000000e0800000, 0x00000000e0700000| Untracked 
|   8|0x00000000e0800000, 0x00000000e0800000, 0x00000000e0900000|  0%| F|  |TAMS 0x00000000e0800000, 0x00000000e0800000| Untracked 
|   9|0x00000000e0900000, 0x00000000e0a00000, 0x00000000e0a00000|100%| O|  |TAMS 0x00000000e0a00000, 0x00000000e0900000| Untracked 
|  10|0x00000000e0a00000, 0x00000000e0b00000, 0x00000000e0b00000|100%| O|  |TAMS 0x00000000e0b00000, 0x00000000e0a00000| Untracked 
|  11|0x00000000e0b00000, 0x00000000e0c00000, 0x00000000e0c00000|100%|HS|  |TAMS 0x00000000e0c00000, 0x00000000e0b00000| Complete 
|  12|0x00000000e0c00000, 0x00000000e0d00000, 0x00000000e0d00000|100%|HS|  |TAMS 0x00000000e0d00000, 0x00000000e0c00000| Complete 
|  13|0x00000000e0d00000, 0x00000000e0e00000, 0x00000000e0e00000|100%|HC|  |TAMS 0x00000000e0e00000, 0x00000000e0d00000| Complete 
|  14|0x00000000e0e00000, 0x00000000e0f00000, 0x00000000e0f00000|100%|HS|  |TAMS 0x00000000e0f00000, 0x00000000e0e00000| Complete 
|  15|0x00000000e0f00000, 0x00000000e1000000, 0x00000000e1000000|100%|HC|  |TAMS 0x00000000e1000000, 0x00000000e0f00000| Complete 
|  16|0x00000000e1000000, 0x00000000e1100000, 0x00000000e1100000|100%|HC|  |TAMS 0x00000000e1100000, 0x00000000e1000000| Complete 
|  17|0x00000000e1100000, 0x00000000e1200000, 0x00000000e1200000|100%|HS|  |TAMS 0x00000000e1200000, 0x00000000e1100000| Complete 
|  18|0x00000000e1200000, 0x00000000e1300000, 0x00000000e1300000|100%|HC|  |TAMS 0x00000000e1300000, 0x00000000e1200000| Complete 
|  19|0x00000000e1300000, 0x00000000e1400000, 0x00000000e1400000|100%|HC|  |TAMS 0x00000000e1400000, 0x00000000e1300000| Complete 
|  20|0x00000000e1400000, 0x00000000e1500000, 0x00000000e1500000|100%|HS|  |TAMS 0x00000000e1500000, 0x00000000e1400000| Complete 
|  21|0x00000000e1500000, 0x00000000e1600000, 0x00000000e1600000|100%|HC|  |TAMS 0x00000000e1600000, 0x00000000e1500000| Complete 
|  22|0x00000000e1600000, 0x00000000e1700000, 0x00000000e1700000|100%|HC|  |TAMS 0x00000000e1700000, 0x00000000e1600000| Complete 
|  23|0x00000000e1700000, 0x00000000e1800000, 0x00000000e1800000|100%|HC|  |TAMS 0x00000000e1800000, 0x00000000e1700000| Complete 
|  24|0x00000000e1800000, 0x00000000e1900000, 0x00000000e1900000|100%|HC|  |TAMS 0x00000000e1900000, 0x00000000e1800000| Complete 
|  25|0x00000000e1900000, 0x00000000e1a00000, 0x00000000e1a00000|100%|HC|  |TAMS 0x00000000e1a00000, 0x00000000e1900000| Complete 
|  26|0x00000000e1a00000, 0x00000000e1b00000, 0x00000000e1b00000|100%|HC|  |TAMS 0x00000000e1b00000, 0x00000000e1a00000| Complete 
|  27|0x00000000e1b00000, 0x00000000e1c00000, 0x00000000e1c00000|100%|HC|  |TAMS 0x00000000e1c00000, 0x00000000e1b00000| Complete 
|  28|0x00000000e1c00000, 0x00000000e1d00000, 0x00000000e1d00000|100%|HC|  |TAMS 0x00000000e1d00000, 0x00000000e1c00000| Complete 
|  29|0x00000000e1d00000, 0x00000000e1e00000, 0x00000000e1e00000|100%|HC|  |TAMS 0x00000000e1e00000, 0x00000000e1d00000| Complete 
|  30|0x00000000e1e00000, 0x00000000e1f00000, 0x00000000e1f00000|100%|HC|  |TAMS 0x00000000e1f00000, 0x00000000e1e00000| Complete 
|  31|0x00000000e1f00000, 0x00000000e2000000, 0x00000000e2000000|100%|HC|  |TAMS 0x00000000e2000000, 0x00000000e1f00000| Complete 
|  32|0x00000000e2000000, 0x00000000e2100000, 0x00000000e2100000|100%|HS|  |TAMS 0x00000000e2100000, 0x00000000e2000000| Complete 
|  33|0x00000000e2100000, 0x00000000e2200000, 0x00000000e2200000|100%|HC|  |TAMS 0x00000000e2200000, 0x00000000e2100000| Complete 
|  34|0x00000000e2200000, 0x00000000e2300000, 0x00000000e2300000|100%|HS|  |TAMS 0x00000000e2300000, 0x00000000e2200000| Complete 
|  35|0x00000000e2300000, 0x00000000e2400000, 0x00000000e2400000|100%|HC|  |TAMS 0x00000000e2400000, 0x00000000e2300000| Complete 
|  36|0x00000000e2400000, 0x00000000e2500000, 0x00000000e2500000|100%|HC|  |TAMS 0x00000000e2500000, 0x00000000e2400000| Complete 
|  37|0x00000000e2500000, 0x00000000e2600000, 0x00000000e2600000|100%|HC|  |TAMS 0x00000000e2600000, 0x00000000e2500000| Complete 
|  38|0x00000000e2600000, 0x00000000e2700000, 0x00000000e2700000|100%|HC|  |TAMS 0x00000000e2700000, 0x00000000e2600000| Complete 
|  39|0x00000000e2700000, 0x00000000e2800000, 0x00000000e2800000|100%|HC|  |TAMS 0x00000000e2800000, 0x00000000e2700000| Complete 
|  40|0x00000000e2800000, 0x00000000e2900000, 0x00000000e2900000|100%| O|  |TAMS 0x00000000e2900000, 0x00000000e2800000| Untracked 
|  41|0x00000000e2900000, 0x00000000e2a00000, 0x00000000e2a00000|100%| O|  |TAMS 0x00000000e2a00000, 0x00000000e2900000| Untracked 
|  42|0x00000000e2a00000, 0x00000000e2b00000, 0x00000000e2b00000|100%| O|  |TAMS 0x00000000e2b00000, 0x00000000e2a00000| Untracked 
|  43|0x00000000e2b00000, 0x00000000e2c00000, 0x00000000e2c00000|100%| O|  |TAMS 0x00000000e2c00000, 0x00000000e2b00000| Untracked 
|  44|0x00000000e2c00000, 0x00000000e2d00000, 0x00000000e2d00000|100%| O|  |TAMS 0x00000000e2d00000, 0x00000000e2c00000| Untracked 
|  45|0x00000000e2d00000, 0x00000000e2e00000, 0x00000000e2e00000|100%| O|  |TAMS 0x00000000e2e00000, 0x00000000e2d00000| Untracked 
|  46|0x00000000e2e00000, 0x00000000e2f00000, 0x00000000e2f00000|100%| O|  |TAMS 0x00000000e2f00000, 0x00000000e2e00000| Untracked 
|  47|0x00000000e2f00000, 0x00000000e3000000, 0x00000000e3000000|100%| O|  |TAMS 0x00000000e3000000, 0x00000000e2f00000| Untracked 
|  48|0x00000000e3000000, 0x00000000e3100000, 0x00000000e3100000|100%| O|  |TAMS 0x00000000e3100000, 0x00000000e3000000| Untracked 
|  49|0x00000000e3100000, 0x00000000e3200000, 0x00000000e3200000|100%| O|  |TAMS 0x00000000e3200000, 0x00000000e3100000| Untracked 
|  50|0x00000000e3200000, 0x00000000e3300000, 0x00000000e3300000|100%| O|  |TAMS 0x00000000e3300000, 0x00000000e3200000| Untracked 
|  51|0x00000000e3300000, 0x00000000e3400000, 0x00000000e3400000|100%| O|  |TAMS 0x00000000e3400000, 0x00000000e3300000| Untracked 
|  52|0x00000000e3400000, 0x00000000e3500000, 0x00000000e3500000|100%| O|  |TAMS 0x00000000e3500000, 0x00000000e3400000| Untracked 
|  53|0x00000000e3500000, 0x00000000e3600000, 0x00000000e3600000|100%| O|  |TAMS 0x00000000e3600000, 0x00000000e3500000| Untracked 
|  54|0x00000000e3600000, 0x00000000e3700000, 0x00000000e3700000|100%| O|  |TAMS 0x00000000e3700000, 0x00000000e3600000| Untracked 
|  55|0x00000000e3700000, 0x00000000e3800000, 0x00000000e3800000|100%| O|  |TAMS 0x00000000e3800000, 0x00000000e3700000| Untracked 
|  56|0x00000000e3800000, 0x00000000e3900000, 0x00000000e3900000|100%| O|  |TAMS 0x00000000e3900000, 0x00000000e3800000| Untracked 
|  57|0x00000000e3900000, 0x00000000e3a00000, 0x00000000e3a00000|100%| O|  |TAMS 0x00000000e3a00000, 0x00000000e3900000| Untracked 
|  58|0x00000000e3a00000, 0x00000000e3b00000, 0x00000000e3b00000|100%| O|  |TAMS 0x00000000e3b00000, 0x00000000e3a00000| Untracked 
|  59|0x00000000e3b00000, 0x00000000e3c00000, 0x00000000e3c00000|100%| O|  |TAMS 0x00000000e3c00000, 0x00000000e3b00000| Untracked 
|  60|0x00000000e3c00000, 0x00000000e3d00000, 0x00000000e3d00000|100%| O|  |TAMS 0x00000000e3d00000, 0x00000000e3c00000| Untracked 
|  61|0x00000000e3d00000, 0x00000000e3e00000, 0x00000000e3e00000|100%| O|  |TAMS 0x00000000e3e00000, 0x00000000e3d00000| Untracked 
|  62|0x00000000e3e00000, 0x00000000e3e6d600, 0x00000000e3f00000| 42%| O|  |TAMS 0x00000000e3e6d600, 0x00000000e3e00000| Untracked 
|  63|0x00000000e3f00000, 0x00000000e4000000, 0x00000000e4000000|100%|HS|  |TAMS 0x00000000e3f00000, 0x00000000e3f00000| Complete 
|  64|0x00000000e4000000, 0x00000000e4100000, 0x00000000e4100000|100%|HC|  |TAMS 0x00000000e4000000, 0x00000000e4000000| Complete 
|  65|0x00000000e4100000, 0x00000000e4200000, 0x00000000e4200000|100%|HC|  |TAMS 0x00000000e4100000, 0x00000000e4100000| Complete 
|  66|0x00000000e4200000, 0x00000000e4200000, 0x00000000e4300000|  0%| F|  |TAMS 0x00000000e4200000, 0x00000000e4200000| Untracked 
|  67|0x00000000e4300000, 0x00000000e4300000, 0x00000000e4400000|  0%| F|  |TAMS 0x00000000e4300000, 0x00000000e4300000| Untracked 
|  68|0x00000000e4400000, 0x00000000e4400000, 0x00000000e4500000|  0%| F|  |TAMS 0x00000000e4400000, 0x00000000e4400000| Untracked 
|  69|0x00000000e4500000, 0x00000000e4500000, 0x00000000e4600000|  0%| F|  |TAMS 0x00000000e4500000, 0x00000000e4500000| Untracked 
|  70|0x00000000e4600000, 0x00000000e4600000, 0x00000000e4700000|  0%| F|  |TAMS 0x00000000e4600000, 0x00000000e4600000| Untracked 
|  71|0x00000000e4700000, 0x00000000e4700000, 0x00000000e4800000|  0%| F|  |TAMS 0x00000000e4700000, 0x00000000e4700000| Untracked 
|  72|0x00000000e4800000, 0x00000000e4800000, 0x00000000e4900000|  0%| F|  |TAMS 0x00000000e4800000, 0x00000000e4800000| Untracked 
|  73|0x00000000e4900000, 0x00000000e4900000, 0x00000000e4a00000|  0%| F|  |TAMS 0x00000000e4900000, 0x00000000e4900000| Untracked 
|  74|0x00000000e4a00000, 0x00000000e4a00000, 0x00000000e4b00000|  0%| F|  |TAMS 0x00000000e4a00000, 0x00000000e4a00000| Untracked 
|  75|0x00000000e4b00000, 0x00000000e4b00000, 0x00000000e4c00000|  0%| F|  |TAMS 0x00000000e4b00000, 0x00000000e4b00000| Untracked 
|  76|0x00000000e4c00000, 0x00000000e4c00000, 0x00000000e4d00000|  0%| F|  |TAMS 0x00000000e4c00000, 0x00000000e4c00000| Untracked 
|  77|0x00000000e4d00000, 0x00000000e4d00000, 0x00000000e4e00000|  0%| F|  |TAMS 0x00000000e4d00000, 0x00000000e4d00000| Untracked 
|  78|0x00000000e4e00000, 0x00000000e4e00000, 0x00000000e4f00000|  0%| F|  |TAMS 0x00000000e4e00000, 0x00000000e4e00000| Untracked 
|  79|0x00000000e4f00000, 0x00000000e4f00000, 0x00000000e5000000|  0%| F|  |TAMS 0x00000000e4f00000, 0x00000000e4f00000| Untracked 
|  80|0x00000000e5000000, 0x00000000e5000000, 0x00000000e5100000|  0%| F|  |TAMS 0x00000000e5000000, 0x00000000e5000000| Untracked 
|  81|0x00000000e5100000, 0x00000000e5100000, 0x00000000e5200000|  0%| F|  |TAMS 0x00000000e5100000, 0x00000000e5100000| Untracked 
|  82|0x00000000e5200000, 0x00000000e5200000, 0x00000000e5300000|  0%| F|  |TAMS 0x00000000e5200000, 0x00000000e5200000| Untracked 
|  83|0x00000000e5300000, 0x00000000e5300000, 0x00000000e5400000|  0%| F|  |TAMS 0x00000000e5300000, 0x00000000e5300000| Untracked 
|  84|0x00000000e5400000, 0x00000000e5400000, 0x00000000e5500000|  0%| F|  |TAMS 0x00000000e5400000, 0x00000000e5400000| Untracked 
|  85|0x00000000e5500000, 0x00000000e5500000, 0x00000000e5600000|  0%| F|  |TAMS 0x00000000e5500000, 0x00000000e5500000| Untracked 
|  86|0x00000000e5600000, 0x00000000e5600000, 0x00000000e5700000|  0%| F|  |TAMS 0x00000000e5600000, 0x00000000e5600000| Untracked 
|  87|0x00000000e5700000, 0x00000000e5700000, 0x00000000e5800000|  0%| F|  |TAMS 0x00000000e5700000, 0x00000000e5700000| Untracked 
|  88|0x00000000e5800000, 0x00000000e5800000, 0x00000000e5900000|  0%| F|  |TAMS 0x00000000e5800000, 0x00000000e5800000| Untracked 
|  89|0x00000000e5900000, 0x00000000e5900000, 0x00000000e5a00000|  0%| F|  |TAMS 0x00000000e5900000, 0x00000000e5900000| Untracked 
|  90|0x00000000e5a00000, 0x00000000e5a00000, 0x00000000e5b00000|  0%| F|  |TAMS 0x00000000e5a00000, 0x00000000e5a00000| Untracked 
|  91|0x00000000e5b00000, 0x00000000e5b00000, 0x00000000e5c00000|  0%| F|  |TAMS 0x00000000e5b00000, 0x00000000e5b00000| Untracked 
|  92|0x00000000e5c00000, 0x00000000e5c00000, 0x00000000e5d00000|  0%| F|  |TAMS 0x00000000e5c00000, 0x00000000e5c00000| Untracked 
|  93|0x00000000e5d00000, 0x00000000e5d00000, 0x00000000e5e00000|  0%| F|  |TAMS 0x00000000e5d00000, 0x00000000e5d00000| Untracked 
|  94|0x00000000e5e00000, 0x00000000e5e00000, 0x00000000e5f00000|  0%| F|  |TAMS 0x00000000e5e00000, 0x00000000e5e00000| Untracked 
|  95|0x00000000e5f00000, 0x00000000e5f00000, 0x00000000e6000000|  0%| F|  |TAMS 0x00000000e5f00000, 0x00000000e5f00000| Untracked 
|  96|0x00000000e6000000, 0x00000000e6000000, 0x00000000e6100000|  0%| F|  |TAMS 0x00000000e6000000, 0x00000000e6000000| Untracked 
|  97|0x00000000e6100000, 0x00000000e6100000, 0x00000000e6200000|  0%| F|  |TAMS 0x00000000e6100000, 0x00000000e6100000| Untracked 
|  98|0x00000000e6200000, 0x00000000e6200000, 0x00000000e6300000|  0%| F|  |TAMS 0x00000000e6200000, 0x00000000e6200000| Untracked 
|  99|0x00000000e6300000, 0x00000000e6300000, 0x00000000e6400000|  0%| F|  |TAMS 0x00000000e6300000, 0x00000000e6300000| Untracked 
| 100|0x00000000e6400000, 0x00000000e6400000, 0x00000000e6500000|  0%| F|  |TAMS 0x00000000e6400000, 0x00000000e6400000| Untracked 
| 101|0x00000000e6500000, 0x00000000e6500000, 0x00000000e6600000|  0%| F|  |TAMS 0x00000000e6500000, 0x00000000e6500000| Untracked 
| 102|0x00000000e6600000, 0x00000000e6600000, 0x00000000e6700000|  0%| F|  |TAMS 0x00000000e6600000, 0x00000000e6600000| Untracked 
| 103|0x00000000e6700000, 0x00000000e6700000, 0x00000000e6800000|  0%| F|  |TAMS 0x00000000e6700000, 0x00000000e6700000| Untracked 
| 104|0x00000000e6800000, 0x00000000e6800000, 0x00000000e6900000|  0%| F|  |TAMS 0x00000000e6800000, 0x00000000e6800000| Untracked 
| 105|0x00000000e6900000, 0x00000000e6900000, 0x00000000e6a00000|  0%| F|  |TAMS 0x00000000e6900000, 0x00000000e6900000| Untracked 
| 106|0x00000000e6a00000, 0x00000000e6a00000, 0x00000000e6b00000|  0%| F|  |TAMS 0x00000000e6a00000, 0x00000000e6a00000| Untracked 
| 107|0x00000000e6b00000, 0x00000000e6b00000, 0x00000000e6c00000|  0%| F|  |TAMS 0x00000000e6b00000, 0x00000000e6b00000| Untracked 
| 108|0x00000000e6c00000, 0x00000000e6c00000, 0x00000000e6d00000|  0%| F|  |TAMS 0x00000000e6c00000, 0x00000000e6c00000| Untracked 
| 109|0x00000000e6d00000, 0x00000000e6d00000, 0x00000000e6e00000|  0%| F|  |TAMS 0x00000000e6d00000, 0x00000000e6d00000| Untracked 
| 110|0x00000000e6e00000, 0x00000000e6e00000, 0x00000000e6f00000|  0%| F|  |TAMS 0x00000000e6e00000, 0x00000000e6e00000| Untracked 
| 111|0x00000000e6f00000, 0x00000000e6f00000, 0x00000000e7000000|  0%| F|  |TAMS 0x00000000e6f00000, 0x00000000e6f00000| Untracked 
| 112|0x00000000e7000000, 0x00000000e7000000, 0x00000000e7100000|  0%| F|  |TAMS 0x00000000e7000000, 0x00000000e7000000| Untracked 
| 113|0x00000000e7100000, 0x00000000e7100000, 0x00000000e7200000|  0%| F|  |TAMS 0x00000000e7100000, 0x00000000e7100000| Untracked 
| 114|0x00000000e7200000, 0x00000000e7200000, 0x00000000e7300000|  0%| F|  |TAMS 0x00000000e7200000, 0x00000000e7200000| Untracked 
| 115|0x00000000e7300000, 0x00000000e7300000, 0x00000000e7400000|  0%| F|  |TAMS 0x00000000e7300000, 0x00000000e7300000| Untracked 
| 116|0x00000000e7400000, 0x00000000e7400000, 0x00000000e7500000|  0%| F|  |TAMS 0x00000000e7400000, 0x00000000e7400000| Untracked 
| 117|0x00000000e7500000, 0x00000000e7500000, 0x00000000e7600000|  0%| F|  |TAMS 0x00000000e7500000, 0x00000000e7500000| Untracked 
| 118|0x00000000e7600000, 0x00000000e7600000, 0x00000000e7700000|  0%| F|  |TAMS 0x00000000e7600000, 0x00000000e7600000| Untracked 
| 119|0x00000000e7700000, 0x00000000e7700000, 0x00000000e7800000|  0%| F|  |TAMS 0x00000000e7700000, 0x00000000e7700000| Untracked 
| 120|0x00000000e7800000, 0x00000000e7800000, 0x00000000e7900000|  0%| F|  |TAMS 0x00000000e7800000, 0x00000000e7800000| Untracked 
| 121|0x00000000e7900000, 0x00000000e7900000, 0x00000000e7a00000|  0%| F|  |TAMS 0x00000000e7900000, 0x00000000e7900000| Untracked 
| 122|0x00000000e7a00000, 0x00000000e7a00000, 0x00000000e7b00000|  0%| F|  |TAMS 0x00000000e7a00000, 0x00000000e7a00000| Untracked 
| 123|0x00000000e7b00000, 0x00000000e7b00000, 0x00000000e7c00000|  0%| F|  |TAMS 0x00000000e7b00000, 0x00000000e7b00000| Untracked 
| 124|0x00000000e7c00000, 0x00000000e7c00000, 0x00000000e7d00000|  0%| F|  |TAMS 0x00000000e7c00000, 0x00000000e7c00000| Untracked 
| 125|0x00000000e7d00000, 0x00000000e7d56e48, 0x00000000e7e00000| 33%| S|CS|TAMS 0x00000000e7d00000, 0x00000000e7d00000| Complete 
| 126|0x00000000e7e00000, 0x00000000e7f00000, 0x00000000e7f00000|100%| S|CS|TAMS 0x00000000e7e00000, 0x00000000e7e00000| Complete 
| 127|0x00000000e7f00000, 0x00000000e8000000, 0x00000000e8000000|100%| S|CS|TAMS 0x00000000e7f00000, 0x00000000e7f00000| Complete 
| 128|0x00000000e8000000, 0x00000000e8100000, 0x00000000e8100000|100%| S|CS|TAMS 0x00000000e8000000, 0x00000000e8000000| Complete 
| 129|0x00000000e8100000, 0x00000000e8200000, 0x00000000e8200000|100%| S|CS|TAMS 0x00000000e8100000, 0x00000000e8100000| Complete 
| 130|0x00000000e8200000, 0x00000000e8300000, 0x00000000e8300000|100%| S|CS|TAMS 0x00000000e8200000, 0x00000000e8200000| Complete 
| 131|0x00000000e8300000, 0x00000000e8400000, 0x00000000e8400000|100%| S|CS|TAMS 0x00000000e8300000, 0x00000000e8300000| Complete 
| 132|0x00000000e8400000, 0x00000000e8500000, 0x00000000e8500000|100%| S|CS|TAMS 0x00000000e8400000, 0x00000000e8400000| Complete 
| 133|0x00000000e8500000, 0x00000000e8600000, 0x00000000e8600000|100%| S|CS|TAMS 0x00000000e8500000, 0x00000000e8500000| Complete 
| 134|0x00000000e8600000, 0x00000000e8600000, 0x00000000e8700000|  0%| F|  |TAMS 0x00000000e8600000, 0x00000000e8600000| Untracked 
| 135|0x00000000e8700000, 0x00000000e8700000, 0x00000000e8800000|  0%| F|  |TAMS 0x00000000e8700000, 0x00000000e8700000| Untracked 
| 136|0x00000000e8800000, 0x00000000e8800000, 0x00000000e8900000|  0%| F|  |TAMS 0x00000000e8800000, 0x00000000e8800000| Untracked 
| 137|0x00000000e8900000, 0x00000000e8900000, 0x00000000e8a00000|  0%| F|  |TAMS 0x00000000e8900000, 0x00000000e8900000| Untracked 
| 138|0x00000000e8a00000, 0x00000000e8a00000, 0x00000000e8b00000|  0%| F|  |TAMS 0x00000000e8a00000, 0x00000000e8a00000| Untracked 
| 139|0x00000000e8b00000, 0x00000000e8b00000, 0x00000000e8c00000|  0%| F|  |TAMS 0x00000000e8b00000, 0x00000000e8b00000| Untracked 
| 140|0x00000000e8c00000, 0x00000000e8c00000, 0x00000000e8d00000|  0%| F|  |TAMS 0x00000000e8c00000, 0x00000000e8c00000| Untracked 
| 141|0x00000000e8d00000, 0x00000000e8d00000, 0x00000000e8e00000|  0%| F|  |TAMS 0x00000000e8d00000, 0x00000000e8d00000| Untracked 
| 142|0x00000000e8e00000, 0x00000000e8e00000, 0x00000000e8f00000|  0%| F|  |TAMS 0x00000000e8e00000, 0x00000000e8e00000| Untracked 
| 143|0x00000000e8f00000, 0x00000000e8f00000, 0x00000000e9000000|  0%| F|  |TAMS 0x00000000e8f00000, 0x00000000e8f00000| Untracked 
| 144|0x00000000e9000000, 0x00000000e9000000, 0x00000000e9100000|  0%| F|  |TAMS 0x00000000e9000000, 0x00000000e9000000| Untracked 
| 145|0x00000000e9100000, 0x00000000e9100000, 0x00000000e9200000|  0%| F|  |TAMS 0x00000000e9100000, 0x00000000e9100000| Untracked 
| 146|0x00000000e9200000, 0x00000000e9200000, 0x00000000e9300000|  0%| F|  |TAMS 0x00000000e9200000, 0x00000000e9200000| Untracked 
| 147|0x00000000e9300000, 0x00000000e9300000, 0x00000000e9400000|  0%| F|  |TAMS 0x00000000e9300000, 0x00000000e9300000| Untracked 
| 148|0x00000000e9400000, 0x00000000e9400000, 0x00000000e9500000|  0%| F|  |TAMS 0x00000000e9400000, 0x00000000e9400000| Untracked 
| 149|0x00000000e9500000, 0x00000000e9500000, 0x00000000e9600000|  0%| F|  |TAMS 0x00000000e9500000, 0x00000000e9500000| Untracked 
| 150|0x00000000e9600000, 0x00000000e9600000, 0x00000000e9700000|  0%| F|  |TAMS 0x00000000e9600000, 0x00000000e9600000| Untracked 
| 151|0x00000000e9700000, 0x00000000e9700000, 0x00000000e9800000|  0%| F|  |TAMS 0x00000000e9700000, 0x00000000e9700000| Untracked 
| 152|0x00000000e9800000, 0x00000000e9800000, 0x00000000e9900000|  0%| F|  |TAMS 0x00000000e9800000, 0x00000000e9800000| Untracked 
| 153|0x00000000e9900000, 0x00000000e9900000, 0x00000000e9a00000|  0%| F|  |TAMS 0x00000000e9900000, 0x00000000e9900000| Untracked 
| 154|0x00000000e9a00000, 0x00000000e9a00000, 0x00000000e9b00000|  0%| F|  |TAMS 0x00000000e9a00000, 0x00000000e9a00000| Untracked 
| 155|0x00000000e9b00000, 0x00000000e9b00000, 0x00000000e9c00000|  0%| F|  |TAMS 0x00000000e9b00000, 0x00000000e9b00000| Untracked 
| 156|0x00000000e9c00000, 0x00000000e9c00000, 0x00000000e9d00000|  0%| F|  |TAMS 0x00000000e9c00000, 0x00000000e9c00000| Untracked 
| 157|0x00000000e9d00000, 0x00000000e9d00000, 0x00000000e9e00000|  0%| F|  |TAMS 0x00000000e9d00000, 0x00000000e9d00000| Untracked 
| 158|0x00000000e9e00000, 0x00000000e9e00000, 0x00000000e9f00000|  0%| F|  |TAMS 0x00000000e9e00000, 0x00000000e9e00000| Untracked 
| 159|0x00000000e9f00000, 0x00000000e9f00000, 0x00000000ea000000|  0%| F|  |TAMS 0x00000000e9f00000, 0x00000000e9f00000| Untracked 
| 160|0x00000000ea000000, 0x00000000ea000000, 0x00000000ea100000|  0%| F|  |TAMS 0x00000000ea000000, 0x00000000ea000000| Untracked 
| 161|0x00000000ea100000, 0x00000000ea100000, 0x00000000ea200000|  0%| F|  |TAMS 0x00000000ea100000, 0x00000000ea100000| Untracked 
| 162|0x00000000ea200000, 0x00000000ea200000, 0x00000000ea300000|  0%| F|  |TAMS 0x00000000ea200000, 0x00000000ea200000| Untracked 
| 163|0x00000000ea300000, 0x00000000ea300000, 0x00000000ea400000|  0%| F|  |TAMS 0x00000000ea300000, 0x00000000ea300000| Untracked 
| 164|0x00000000ea400000, 0x00000000ea400000, 0x00000000ea500000|  0%| F|  |TAMS 0x00000000ea400000, 0x00000000ea400000| Untracked 
| 165|0x00000000ea500000, 0x00000000ea500000, 0x00000000ea600000|  0%| F|  |TAMS 0x00000000ea500000, 0x00000000ea500000| Untracked 
| 166|0x00000000ea600000, 0x00000000ea600000, 0x00000000ea700000|  0%| F|  |TAMS 0x00000000ea600000, 0x00000000ea600000| Untracked 
| 167|0x00000000ea700000, 0x00000000ea700000, 0x00000000ea800000|  0%| F|  |TAMS 0x00000000ea700000, 0x00000000ea700000| Untracked 
| 168|0x00000000ea800000, 0x00000000ea800000, 0x00000000ea900000|  0%| F|  |TAMS 0x00000000ea800000, 0x00000000ea800000| Untracked 
| 169|0x00000000ea900000, 0x00000000ea900000, 0x00000000eaa00000|  0%| F|  |TAMS 0x00000000ea900000, 0x00000000ea900000| Untracked 
| 170|0x00000000eaa00000, 0x00000000eaa00000, 0x00000000eab00000|  0%| F|  |TAMS 0x00000000eaa00000, 0x00000000eaa00000| Untracked 
| 171|0x00000000eab00000, 0x00000000eab00000, 0x00000000eac00000|  0%| F|  |TAMS 0x00000000eab00000, 0x00000000eab00000| Untracked 
| 172|0x00000000eac00000, 0x00000000eac00000, 0x00000000ead00000|  0%| F|  |TAMS 0x00000000eac00000, 0x00000000eac00000| Untracked 
| 173|0x00000000ead00000, 0x00000000ead00000, 0x00000000eae00000|  0%| F|  |TAMS 0x00000000ead00000, 0x00000000ead00000| Untracked 
| 174|0x00000000eae00000, 0x00000000eae00000, 0x00000000eaf00000|  0%| F|  |TAMS 0x00000000eae00000, 0x00000000eae00000| Untracked 
| 175|0x00000000eaf00000, 0x00000000eaf00000, 0x00000000eb000000|  0%| F|  |TAMS 0x00000000eaf00000, 0x00000000eaf00000| Untracked 
| 176|0x00000000eb000000, 0x00000000eb000000, 0x00000000eb100000|  0%| F|  |TAMS 0x00000000eb000000, 0x00000000eb000000| Untracked 
| 177|0x00000000eb100000, 0x00000000eb100000, 0x00000000eb200000|  0%| F|  |TAMS 0x00000000eb100000, 0x00000000eb100000| Untracked 
| 178|0x00000000eb200000, 0x00000000eb200000, 0x00000000eb300000|  0%| F|  |TAMS 0x00000000eb200000, 0x00000000eb200000| Untracked 
| 179|0x00000000eb300000, 0x00000000eb300000, 0x00000000eb400000|  0%| F|  |TAMS 0x00000000eb300000, 0x00000000eb300000| Untracked 
| 180|0x00000000eb400000, 0x00000000eb400000, 0x00000000eb500000|  0%| F|  |TAMS 0x00000000eb400000, 0x00000000eb400000| Untracked 
| 181|0x00000000eb500000, 0x00000000eb500000, 0x00000000eb600000|  0%| F|  |TAMS 0x00000000eb500000, 0x00000000eb500000| Untracked 
| 182|0x00000000eb600000, 0x00000000eb600000, 0x00000000eb700000|  0%| F|  |TAMS 0x00000000eb600000, 0x00000000eb600000| Untracked 
| 183|0x00000000eb700000, 0x00000000eb700000, 0x00000000eb800000|  0%| F|  |TAMS 0x00000000eb700000, 0x00000000eb700000| Untracked 
| 184|0x00000000eb800000, 0x00000000eb800000, 0x00000000eb900000|  0%| F|  |TAMS 0x00000000eb800000, 0x00000000eb800000| Untracked 
| 185|0x00000000eb900000, 0x00000000eb900000, 0x00000000eba00000|  0%| F|  |TAMS 0x00000000eb900000, 0x00000000eb900000| Untracked 
| 186|0x00000000eba00000, 0x00000000eba00000, 0x00000000ebb00000|  0%| F|  |TAMS 0x00000000eba00000, 0x00000000eba00000| Untracked 
| 187|0x00000000ebb00000, 0x00000000ebb00000, 0x00000000ebc00000|  0%| F|  |TAMS 0x00000000ebb00000, 0x00000000ebb00000| Untracked 
| 188|0x00000000ebc00000, 0x00000000ebc00000, 0x00000000ebd00000|  0%| F|  |TAMS 0x00000000ebc00000, 0x00000000ebc00000| Untracked 
| 189|0x00000000ebd00000, 0x00000000ebd00000, 0x00000000ebe00000|  0%| F|  |TAMS 0x00000000ebd00000, 0x00000000ebd00000| Untracked 
| 190|0x00000000ebe00000, 0x00000000ebe00000, 0x00000000ebf00000|  0%| F|  |TAMS 0x00000000ebe00000, 0x00000000ebe00000| Untracked 
| 191|0x00000000ebf00000, 0x00000000ebf00000, 0x00000000ec000000|  0%| F|  |TAMS 0x00000000ebf00000, 0x00000000ebf00000| Untracked 
| 192|0x00000000ec000000, 0x00000000ec000000, 0x00000000ec100000|  0%| F|  |TAMS 0x00000000ec000000, 0x00000000ec000000| Untracked 
| 193|0x00000000ec100000, 0x00000000ec100000, 0x00000000ec200000|  0%| F|  |TAMS 0x00000000ec100000, 0x00000000ec100000| Untracked 
| 194|0x00000000ec200000, 0x00000000ec200000, 0x00000000ec300000|  0%| F|  |TAMS 0x00000000ec200000, 0x00000000ec200000| Untracked 
| 195|0x00000000ec300000, 0x00000000ec300000, 0x00000000ec400000|  0%| F|  |TAMS 0x00000000ec300000, 0x00000000ec300000| Untracked 
| 196|0x00000000ec400000, 0x00000000ec400000, 0x00000000ec500000|  0%| F|  |TAMS 0x00000000ec400000, 0x00000000ec400000| Untracked 
| 197|0x00000000ec500000, 0x00000000ec500000, 0x00000000ec600000|  0%| F|  |TAMS 0x00000000ec500000, 0x00000000ec500000| Untracked 
| 198|0x00000000ec600000, 0x00000000ec600000, 0x00000000ec700000|  0%| F|  |TAMS 0x00000000ec600000, 0x00000000ec600000| Untracked 
| 199|0x00000000ec700000, 0x00000000ec700000, 0x00000000ec800000|  0%| F|  |TAMS 0x00000000ec700000, 0x00000000ec700000| Untracked 
| 200|0x00000000ec800000, 0x00000000ec800000, 0x00000000ec900000|  0%| F|  |TAMS 0x00000000ec800000, 0x00000000ec800000| Untracked 
| 201|0x00000000ec900000, 0x00000000ec900000, 0x00000000eca00000|  0%| F|  |TAMS 0x00000000ec900000, 0x00000000ec900000| Untracked 
| 202|0x00000000eca00000, 0x00000000eca00000, 0x00000000ecb00000|  0%| F|  |TAMS 0x00000000eca00000, 0x00000000eca00000| Untracked 
| 203|0x00000000ecb00000, 0x00000000ecb00000, 0x00000000ecc00000|  0%| F|  |TAMS 0x00000000ecb00000, 0x00000000ecb00000| Untracked 
| 204|0x00000000ecc00000, 0x00000000ecc00000, 0x00000000ecd00000|  0%| F|  |TAMS 0x00000000ecc00000, 0x00000000ecc00000| Untracked 
| 205|0x00000000ecd00000, 0x00000000ecd00000, 0x00000000ece00000|  0%| F|  |TAMS 0x00000000ecd00000, 0x00000000ecd00000| Untracked 
| 206|0x00000000ece00000, 0x00000000ece00000, 0x00000000ecf00000|  0%| F|  |TAMS 0x00000000ece00000, 0x00000000ece00000| Untracked 
| 207|0x00000000ecf00000, 0x00000000ecf00000, 0x00000000ed000000|  0%| F|  |TAMS 0x00000000ecf00000, 0x00000000ecf00000| Untracked 
| 208|0x00000000ed000000, 0x00000000ed000000, 0x00000000ed100000|  0%| F|  |TAMS 0x00000000ed000000, 0x00000000ed000000| Untracked 
| 209|0x00000000ed100000, 0x00000000ed100000, 0x00000000ed200000|  0%| F|  |TAMS 0x00000000ed100000, 0x00000000ed100000| Untracked 
| 210|0x00000000ed200000, 0x00000000ed200000, 0x00000000ed300000|  0%| F|  |TAMS 0x00000000ed200000, 0x00000000ed200000| Untracked 
| 211|0x00000000ed300000, 0x00000000ed300000, 0x00000000ed400000|  0%| F|  |TAMS 0x00000000ed300000, 0x00000000ed300000| Untracked 
| 212|0x00000000ed400000, 0x00000000ed400000, 0x00000000ed500000|  0%| F|  |TAMS 0x00000000ed400000, 0x00000000ed400000| Untracked 
| 213|0x00000000ed500000, 0x00000000ed500000, 0x00000000ed600000|  0%| F|  |TAMS 0x00000000ed500000, 0x00000000ed500000| Untracked 
| 214|0x00000000ed600000, 0x00000000ed600000, 0x00000000ed700000|  0%| F|  |TAMS 0x00000000ed600000, 0x00000000ed600000| Untracked 
| 215|0x00000000ed700000, 0x00000000ed700000, 0x00000000ed800000|  0%| F|  |TAMS 0x00000000ed700000, 0x00000000ed700000| Untracked 
| 216|0x00000000ed800000, 0x00000000ed800000, 0x00000000ed900000|  0%| F|  |TAMS 0x00000000ed800000, 0x00000000ed800000| Untracked 
| 217|0x00000000ed900000, 0x00000000ed900000, 0x00000000eda00000|  0%| F|  |TAMS 0x00000000ed900000, 0x00000000ed900000| Untracked 
| 218|0x00000000eda00000, 0x00000000eda00000, 0x00000000edb00000|  0%| F|  |TAMS 0x00000000eda00000, 0x00000000eda00000| Untracked 
| 219|0x00000000edb00000, 0x00000000edb00000, 0x00000000edc00000|  0%| F|  |TAMS 0x00000000edb00000, 0x00000000edb00000| Untracked 
| 220|0x00000000edc00000, 0x00000000edc00000, 0x00000000edd00000|  0%| F|  |TAMS 0x00000000edc00000, 0x00000000edc00000| Untracked 
| 221|0x00000000edd00000, 0x00000000edd00000, 0x00000000ede00000|  0%| F|  |TAMS 0x00000000edd00000, 0x00000000edd00000| Untracked 
| 222|0x00000000ede00000, 0x00000000ede00000, 0x00000000edf00000|  0%| F|  |TAMS 0x00000000ede00000, 0x00000000ede00000| Untracked 
| 223|0x00000000edf00000, 0x00000000edf00000, 0x00000000ee000000|  0%| F|  |TAMS 0x00000000edf00000, 0x00000000edf00000| Untracked 
| 224|0x00000000ee000000, 0x00000000ee000000, 0x00000000ee100000|  0%| F|  |TAMS 0x00000000ee000000, 0x00000000ee000000| Untracked 
| 225|0x00000000ee100000, 0x00000000ee100000, 0x00000000ee200000|  0%| F|  |TAMS 0x00000000ee100000, 0x00000000ee100000| Untracked 
| 226|0x00000000ee200000, 0x00000000ee200000, 0x00000000ee300000|  0%| F|  |TAMS 0x00000000ee200000, 0x00000000ee200000| Untracked 
| 227|0x00000000ee300000, 0x00000000ee300000, 0x00000000ee400000|  0%| F|  |TAMS 0x00000000ee300000, 0x00000000ee300000| Untracked 
| 228|0x00000000ee400000, 0x00000000ee400000, 0x00000000ee500000|  0%| F|  |TAMS 0x00000000ee400000, 0x00000000ee400000| Untracked 
| 229|0x00000000ee500000, 0x00000000ee500000, 0x00000000ee600000|  0%| F|  |TAMS 0x00000000ee500000, 0x00000000ee500000| Untracked 
| 230|0x00000000ee600000, 0x00000000ee600000, 0x00000000ee700000|  0%| F|  |TAMS 0x00000000ee600000, 0x00000000ee600000| Untracked 
| 231|0x00000000ee700000, 0x00000000ee700000, 0x00000000ee800000|  0%| F|  |TAMS 0x00000000ee700000, 0x00000000ee700000| Untracked 
| 232|0x00000000ee800000, 0x00000000ee800000, 0x00000000ee900000|  0%| F|  |TAMS 0x00000000ee800000, 0x00000000ee800000| Untracked 
| 233|0x00000000ee900000, 0x00000000ee900000, 0x00000000eea00000|  0%| F|  |TAMS 0x00000000ee900000, 0x00000000ee900000| Untracked 
| 234|0x00000000eea00000, 0x00000000eea00000, 0x00000000eeb00000|  0%| F|  |TAMS 0x00000000eea00000, 0x00000000eea00000| Untracked 
| 235|0x00000000eeb00000, 0x00000000eeb00000, 0x00000000eec00000|  0%| F|  |TAMS 0x00000000eeb00000, 0x00000000eeb00000| Untracked 
| 236|0x00000000eec00000, 0x00000000eec00000, 0x00000000eed00000|  0%| F|  |TAMS 0x00000000eec00000, 0x00000000eec00000| Untracked 
| 237|0x00000000eed00000, 0x00000000eed00000, 0x00000000eee00000|  0%| F|  |TAMS 0x00000000eed00000, 0x00000000eed00000| Untracked 
| 238|0x00000000eee00000, 0x00000000eee00000, 0x00000000eef00000|  0%| F|  |TAMS 0x00000000eee00000, 0x00000000eee00000| Untracked 
| 239|0x00000000eef00000, 0x00000000eef00000, 0x00000000ef000000|  0%| F|  |TAMS 0x00000000eef00000, 0x00000000eef00000| Untracked 
| 240|0x00000000ef000000, 0x00000000ef000000, 0x00000000ef100000|  0%| F|  |TAMS 0x00000000ef000000, 0x00000000ef000000| Untracked 
| 241|0x00000000ef100000, 0x00000000ef100000, 0x00000000ef200000|  0%| F|  |TAMS 0x00000000ef100000, 0x00000000ef100000| Untracked 
| 242|0x00000000ef200000, 0x00000000ef200000, 0x00000000ef300000|  0%| F|  |TAMS 0x00000000ef200000, 0x00000000ef200000| Untracked 
| 243|0x00000000ef300000, 0x00000000ef300000, 0x00000000ef400000|  0%| F|  |TAMS 0x00000000ef300000, 0x00000000ef300000| Untracked 
| 244|0x00000000ef400000, 0x00000000ef480800, 0x00000000ef500000| 50%| E|  |TAMS 0x00000000ef400000, 0x00000000ef400000| Complete 
| 245|0x00000000ef500000, 0x00000000ef600000, 0x00000000ef600000|100%| E|CS|TAMS 0x00000000ef500000, 0x00000000ef500000| Complete 
| 246|0x00000000ef600000, 0x00000000ef700000, 0x00000000ef700000|100%| E|CS|TAMS 0x00000000ef600000, 0x00000000ef600000| Complete 
| 247|0x00000000ef700000, 0x00000000ef800000, 0x00000000ef800000|100%| E|CS|TAMS 0x00000000ef700000, 0x00000000ef700000| Complete 
| 248|0x00000000ef800000, 0x00000000ef900000, 0x00000000ef900000|100%| E|CS|TAMS 0x00000000ef800000, 0x00000000ef800000| Complete 
| 249|0x00000000ef900000, 0x00000000efa00000, 0x00000000efa00000|100%| E|CS|TAMS 0x00000000ef900000, 0x00000000ef900000| Complete 
| 250|0x00000000efa00000, 0x00000000efb00000, 0x00000000efb00000|100%| E|CS|TAMS 0x00000000efa00000, 0x00000000efa00000| Complete 
| 251|0x00000000efb00000, 0x00000000efc00000, 0x00000000efc00000|100%| E|CS|TAMS 0x00000000efb00000, 0x00000000efb00000| Complete 
| 252|0x00000000efc00000, 0x00000000efd00000, 0x00000000efd00000|100%| E|CS|TAMS 0x00000000efc00000, 0x00000000efc00000| Complete 
| 253|0x00000000efd00000, 0x00000000efe00000, 0x00000000efe00000|100%| E|CS|TAMS 0x00000000efd00000, 0x00000000efd00000| Complete 
| 254|0x00000000efe00000, 0x00000000eff00000, 0x00000000eff00000|100%| E|CS|TAMS 0x00000000efe00000, 0x00000000efe00000| Complete 
| 255|0x00000000eff00000, 0x00000000f0000000, 0x00000000f0000000|100%| E|CS|TAMS 0x00000000eff00000, 0x00000000eff00000| Complete 

Card table byte_map: [0x000001e5b4d10000,0x000001e5b4e10000] _byte_map_base: 0x000001e5b4610000

Marking Bits (Prev, Next): (CMBitMap*) 0x000001e59e062ad0, (CMBitMap*) 0x000001e59e062b10
 Prev Bits: [0x000001e5b4f10000, 0x000001e5b5710000)
 Next Bits: [0x000001e5b5710000, 0x000001e5b5f10000)

Polling page: 0x000001e59c050000

Metaspace:

Usage:
  Non-class:     40.72 MB used.
      Class:      6.77 MB used.
       Both:     47.49 MB used.

Virtual space:
  Non-class space:       64.00 MB reserved,      41.00 MB ( 64%) committed,  1 nodes.
      Class space:      320.00 MB reserved,       7.06 MB (  2%) committed,  1 nodes.
             Both:      384.00 MB reserved,      48.06 MB ( 13%) committed. 

Chunk freelists:
   Non-Class:  6.44 MB
       Class:  8.91 MB
        Both:  15.35 MB

MaxMetaspaceSize: 384.00 MB
CompressedClassSpaceSize: 320.00 MB
Initial GC threshold: 21.00 MB
Current GC threshold: 59.19 MB
CDS: on
MetaspaceReclaimPolicy: balanced
 - commit_granule_bytes: 65536.
 - commit_granule_words: 8192.
 - virtual_space_node_default_size: 8388608.
 - enlarge_chunks_in_place: 1.
 - new_chunks_are_fully_committed: 0.
 - uncommit_free_chunks: 1.
 - use_allocation_guard: 0.
 - handle_deallocations: 1.


Internal statistics:

num_allocs_failed_limit: 9.
num_arena_births: 616.
num_arena_deaths: 0.
num_vsnodes_births: 2.
num_vsnodes_deaths: 0.
num_space_committed: 769.
num_space_uncommitted: 0.
num_chunks_returned_to_freelist: 9.
num_chunks_taken_from_freelist: 2561.
num_chunk_merges: 9.
num_chunk_splits: 1677.
num_chunks_enlarged: 1101.
num_inconsistent_stats: 0.

CodeHeap 'non-profiled nmethods': size=120000Kb used=2448Kb max_used=3130Kb free=117551Kb
 bounds [0x000001e5ad3b0000, 0x000001e5ad6d0000, 0x000001e5b48e0000]
CodeHeap 'profiled nmethods': size=120000Kb used=9357Kb max_used=10519Kb free=110642Kb
 bounds [0x000001e5a58e0000, 0x000001e5a6340000, 0x000001e5ace10000]
CodeHeap 'non-nmethods': size=5760Kb used=2326Kb max_used=2401Kb free=3433Kb
 bounds [0x000001e5ace10000, 0x000001e5ad090000, 0x000001e5ad3b0000]
 total_blobs=5392 nmethods=4546 adapters=757
 compilation: enabled
              stopped_count=0, restarted_count=0
 full_count=0

Compilation events (20 events):
Event: 8.914 Thread 0x000001e5b8936670 nmethod 5280 0x000001e5a59a4a10 code [0x000001e5a59a4c00, 0x000001e5a59a5268]
Event: 8.914 Thread 0x000001e5b8936670 5278       3       com.google.common.cache.LocalCache$Segment::postWriteCleanup (5 bytes)
Event: 8.915 Thread 0x000001e5b8936670 nmethod 5278 0x000001e5a597fd10 code [0x000001e5a597fee0, 0x000001e5a59802c8]
Event: 8.915 Thread 0x000001e5b8936670 5279       3       com.google.common.cache.LocalCache$Segment::runUnlockedCleanup (15 bytes)
Event: 8.915 Thread 0x000001e5b8936670 nmethod 5279 0x000001e5a5beac90 code [0x000001e5a5beae40, 0x000001e5a5beb1a8]
Event: 8.915 Thread 0x000001e5b8936670 5277   !   3       com.google.common.cache.LocalCache$Segment::runLockedCleanup (39 bytes)
Event: 8.915 Thread 0x000001e5b8936670 nmethod 5277 0x000001e5a5a2c410 code [0x000001e5a5a2c680, 0x000001e5a5a2d1b8]
Event: 8.916 Thread 0x000001e5b8936670 5281       1       org.gradle.api.internal.collections.DefaultCollectionEventRegister::getAddActions (5 bytes)
Event: 8.916 Thread 0x000001e5b8936670 nmethod 5281 0x000001e5ad3bc910 code [0x000001e5ad3bcaa0, 0x000001e5ad3bcb78]
Event: 8.916 Thread 0x000001e5b8936670 5282       1       org.gradle.api.internal.DefaultDomainObjectCollection::getEventRegister (5 bytes)
Event: 8.916 Thread 0x000001e5b8936670 nmethod 5282 0x000001e5ad3bc610 code [0x000001e5ad3bc7a0, 0x000001e5ad3bc878]
Event: 8.917 Thread 0x000001e5b8936670 5283       3       java.lang.String::lastIndexOf (10 bytes)
Event: 8.917 Thread 0x000001e5b8936670 nmethod 5283 0x000001e5a5bea510 code [0x000001e5a5bea6c0, 0x000001e5a5bea908]
Event: 8.917 Thread 0x000001e5b8936670 5284       3       java.lang.String::lastIndexOf (18 bytes)
Event: 8.917 Thread 0x000001e5b8936670 nmethod 5284 0x000001e5a5fbbf10 code [0x000001e5a5fbc0e0, 0x000001e5a5fbc3a8]
Event: 8.924 Thread 0x000001e5b8936670 5286       3       org.objectweb.asm.Handle::<init> (32 bytes)
Event: 8.925 Thread 0x000001e5b8936670 nmethod 5286 0x000001e5a5fbba10 code [0x000001e5a5fbbbc0, 0x000001e5a5fbbe58]
Event: 8.926 Thread 0x000001e5b8936670 5287       3       org.objectweb.asm.ClassReader::readConst (276 bytes)
Event: 8.928 Thread 0x000001e5b8936670 nmethod 5287 0x000001e5a5b31190 code [0x000001e5a5b31600, 0x000001e5a5b332b8]
Event: 8.928 Thread 0x000001e5b8936670 5288       3       org.objectweb.asm.Type::<init> (26 bytes)

GC Heap History (14 events):
Event: 0.671 GC heap before
{Heap before GC invocations=0 (full 0):
 garbage-first heap   total 262144K, used 26624K [0x00000000e0000000, 0x0000000100000000)
  region size 1024K, 23 young (23552K), 0 survivors (0K)
 Metaspace       used 3040K, committed 3136K, reserved 393216K
  class space    used 391K, committed 448K, reserved 327680K
}
Event: 0.676 GC heap after
{Heap after GC invocations=1 (full 0):
 garbage-first heap   total 262144K, used 10404K [0x00000000e0000000, 0x0000000100000000)
  region size 1024K, 3 young (3072K), 3 survivors (3072K)
 Metaspace       used 3040K, committed 3136K, reserved 393216K
  class space    used 391K, committed 448K, reserved 327680K
}
Event: 1.043 GC heap before
{Heap before GC invocations=1 (full 0):
 garbage-first heap   total 262144K, used 38052K [0x00000000e0000000, 0x0000000100000000)
  region size 1024K, 30 young (30720K), 3 survivors (3072K)
 Metaspace       used 4005K, committed 4160K, reserved 393216K
  class space    used 491K, committed 576K, reserved 327680K
}
Event: 1.046 GC heap after
{Heap after GC invocations=2 (full 0):
 garbage-first heap   total 262144K, used 11875K [0x00000000e0000000, 0x0000000100000000)
  region size 1024K, 2 young (2048K), 2 survivors (2048K)
 Metaspace       used 4005K, committed 4160K, reserved 393216K
  class space    used 491K, committed 576K, reserved 327680K
}
Event: 3.800 GC heap before
{Heap before GC invocations=2 (full 0):
 garbage-first heap   total 262144K, used 132707K [0x00000000e0000000, 0x0000000100000000)
  region size 1024K, 115 young (117760K), 2 survivors (2048K)
 Metaspace       used 21165K, committed 21504K, reserved 393216K
  class space    used 3140K, committed 3264K, reserved 327680K
}
Event: 3.811 GC heap after
{Heap after GC invocations=3 (full 0):
 garbage-first heap   total 262144K, used 28852K [0x00000000e0000000, 0x0000000100000000)
  region size 1024K, 13 young (13312K), 13 survivors (13312K)
 Metaspace       used 21165K, committed 21504K, reserved 393216K
  class space    used 3140K, committed 3264K, reserved 327680K
}
Event: 6.540 GC heap before
{Heap before GC invocations=4 (full 0):
 garbage-first heap   total 262144K, used 168116K [0x00000000e0000000, 0x0000000100000000)
  region size 1024K, 122 young (124928K), 13 survivors (13312K)
 Metaspace       used 35551K, committed 35968K, reserved 393216K
  class space    used 4910K, committed 5120K, reserved 327680K
}
Event: 6.560 GC heap after
{Heap after GC invocations=5 (full 0):
 garbage-first heap   total 262144K, used 63622K [0x00000000e0000000, 0x0000000100000000)
  region size 1024K, 11 young (11264K), 11 survivors (11264K)
 Metaspace       used 35551K, committed 35968K, reserved 393216K
  class space    used 4910K, committed 5120K, reserved 327680K
}
Event: 6.598 GC heap before
{Heap before GC invocations=5 (full 0):
 garbage-first heap   total 262144K, used 64646K [0x00000000e0000000, 0x0000000100000000)
  region size 1024K, 12 young (12288K), 11 survivors (11264K)
 Metaspace       used 35680K, committed 36160K, reserved 393216K
  class space    used 4931K, committed 5184K, reserved 327680K
}
Event: 6.608 GC heap after
{Heap after GC invocations=6 (full 0):
 garbage-first heap   total 262144K, used 64275K [0x00000000e0000000, 0x0000000100000000)
  region size 1024K, 2 young (2048K), 2 survivors (2048K)
 Metaspace       used 35680K, committed 36160K, reserved 393216K
  class space    used 4931K, committed 5184K, reserved 327680K
}
Event: 6.646 GC heap before
{Heap before GC invocations=6 (full 0):
 garbage-first heap   total 262144K, used 66323K [0x00000000e0000000, 0x0000000100000000)
  region size 1024K, 5 young (5120K), 2 survivors (2048K)
 Metaspace       used 35861K, committed 36288K, reserved 393216K
  class space    used 4959K, committed 5184K, reserved 327680K
}
Event: 6.648 GC heap after
{Heap after GC invocations=7 (full 0):
 garbage-first heap   total 262144K, used 63288K [0x00000000e0000000, 0x0000000100000000)
  region size 1024K, 1 young (1024K), 1 survivors (1024K)
 Metaspace       used 35861K, committed 36288K, reserved 393216K
  class space    used 4959K, committed 5184K, reserved 327680K
}
Event: 8.808 GC heap before
{Heap before GC invocations=8 (full 0):
 garbage-first heap   total 262144K, used 191288K [0x00000000e0000000, 0x0000000100000000)
  region size 1024K, 122 young (124928K), 1 survivors (1024K)
 Metaspace       used 47575K, committed 48192K, reserved 393216K
  class space    used 6731K, committed 7040K, reserved 327680K
}
Event: 8.818 GC heap after
{Heap after GC invocations=9 (full 0):
 garbage-first heap   total 262144K, used 74513K [0x00000000e0000000, 0x0000000100000000)
  region size 1024K, 9 young (9216K), 9 survivors (9216K)
 Metaspace       used 47575K, committed 48192K, reserved 393216K
  class space    used 6731K, committed 7040K, reserved 327680K
}

Deoptimization events (20 events):
Event: 8.658 Thread 0x000001e5d3589500 Uncommon trap: trap_request=0xffffffde fr.pc=0x000001e5ad6a97f4 relative=0x0000000000005c34
Event: 8.658 Thread 0x000001e5d3589500 Uncommon trap: reason=class_check action=maybe_recompile pc=0x000001e5ad6a97f4 method=java.lang.Class.createAnnotationData(I)Ljava/lang/Class$AnnotationData; @ 103 c2
Event: 8.658 Thread 0x000001e5d3589500 DEOPT PACKING pc=0x000001e5ad6a97f4 sp=0x00000024f4cf4530
Event: 8.658 Thread 0x000001e5d3589500 DEOPT UNPACKING pc=0x000001e5ace623a3 sp=0x00000024f4cf44f0 mode 2
Event: 8.803 Thread 0x000001e5d3589500 Uncommon trap: trap_request=0xffffffde fr.pc=0x000001e5ad604b68 relative=0x00000000000006e8
Event: 8.803 Thread 0x000001e5d3589500 Uncommon trap: reason=class_check action=maybe_recompile pc=0x000001e5ad604b68 method=java.util.regex.Matcher.search(I)Z @ 121 c2
Event: 8.803 Thread 0x000001e5d3589500 DEOPT PACKING pc=0x000001e5ad604b68 sp=0x00000024f4cf6fd0
Event: 8.803 Thread 0x000001e5d3589500 DEOPT UNPACKING pc=0x000001e5ace623a3 sp=0x00000024f4cf6f38 mode 2
Event: 8.803 Thread 0x000001e5d3589500 Uncommon trap: trap_request=0xffffffde fr.pc=0x000001e5ad604b68 relative=0x00000000000006e8
Event: 8.803 Thread 0x000001e5d3589500 Uncommon trap: reason=class_check action=maybe_recompile pc=0x000001e5ad604b68 method=java.util.regex.Matcher.search(I)Z @ 121 c2
Event: 8.803 Thread 0x000001e5d3589500 DEOPT PACKING pc=0x000001e5ad604b68 sp=0x00000024f4cf6fd0
Event: 8.803 Thread 0x000001e5d3589500 DEOPT UNPACKING pc=0x000001e5ace623a3 sp=0x00000024f4cf6f38 mode 2
Event: 8.805 Thread 0x000001e5d3589500 Uncommon trap: trap_request=0xffffffde fr.pc=0x000001e5ad604b68 relative=0x00000000000006e8
Event: 8.805 Thread 0x000001e5d3589500 Uncommon trap: reason=class_check action=maybe_recompile pc=0x000001e5ad604b68 method=java.util.regex.Matcher.search(I)Z @ 121 c2
Event: 8.805 Thread 0x000001e5d3589500 DEOPT PACKING pc=0x000001e5ad604b68 sp=0x00000024f4cf6f70
Event: 8.805 Thread 0x000001e5d3589500 DEOPT UNPACKING pc=0x000001e5ace623a3 sp=0x00000024f4cf6ed8 mode 2
Event: 8.805 Thread 0x000001e5d3589500 Uncommon trap: trap_request=0xffffffde fr.pc=0x000001e5ad604b68 relative=0x00000000000006e8
Event: 8.805 Thread 0x000001e5d3589500 Uncommon trap: reason=class_check action=maybe_recompile pc=0x000001e5ad604b68 method=java.util.regex.Matcher.search(I)Z @ 121 c2
Event: 8.805 Thread 0x000001e5d3589500 DEOPT PACKING pc=0x000001e5ad604b68 sp=0x00000024f4cf6f70
Event: 8.805 Thread 0x000001e5d3589500 DEOPT UNPACKING pc=0x000001e5ace623a3 sp=0x00000024f4cf6ed8 mode 2

Classes unloaded (0 events):
No events

Classes redefined (0 events):
No events

Internal exceptions (20 events):
Event: 8.346 Thread 0x000001e5d3589500 Exception <a 'java/lang/NoSuchMethodError'{0x00000000ea410100}: 'int java.lang.invoke.DirectMethodHandle$Holder.invokeSpecialIFC(java.lang.Object, java.lang.Object, java.lang.Object)'> (0x00000000ea410100) 
thrown [s\open\src\hotspot\share\interpreter\linkResolver.cpp, line 759]
Event: 8.397 Thread 0x000001e5d3589500 Exception <a 'java/lang/NoSuchMethodError'{0x00000000ea1bf490}: 'java.lang.Object java.lang.invoke.DirectMethodHandle$Holder.newInvokeSpecial(java.lang.Object, java.lang.Object, java.lang.Object, java.lang.Object, java.lang.Object, int)'> (0x00000000ea1bf490) 
thrown [s\open\src\hotspot\share\interpreter\linkResolver.cpp, line 759]
Event: 8.397 Thread 0x000001e5d3589500 Exception <a 'java/lang/NoSuchMethodError'{0x00000000ea1c4ae8}: 'java.lang.Object java.lang.invoke.DirectMethodHandle$Holder.invokeSpecial(java.lang.Object, java.lang.Object, java.lang.Object, java.lang.Object, java.lang.Object, java.lang.Object, int)'> (0x00000000ea1c4ae8) 
thrown [s\open\src\hotspot\share\interpreter\linkResolver.cpp, line 759]
Event: 8.401 Thread 0x000001e5d3589500 Exception <a 'java/lang/NoSuchMethodError'{0x00000000ea1faab0}: 'java.lang.Object java.lang.invoke.DirectMethodHandle$Holder.invokeSpecial(java.lang.Object, java.lang.Object, java.lang.Object, java.lang.Object, java.lang.Object, long)'> (0x00000000ea1faab0) 
thrown [s\open\src\hotspot\share\interpreter\linkResolver.cpp, line 759]
Event: 8.403 Thread 0x000001e5d3589500 Exception <a 'java/lang/NoSuchMethodError'{0x00000000ea01d2a8}: 'void java.lang.invoke.DirectMethodHandle$Holder.invokeStatic(java.lang.Object, java.lang.Object, java.lang.Object, int, java.lang.Object)'> (0x00000000ea01d2a8) 
thrown [s\open\src\hotspot\share\interpreter\linkResolver.cpp, line 759]
Event: 8.435 Thread 0x000001e5d3589500 Exception <a 'java/lang/NoSuchMethodError'{0x00000000e9f434c8}: 'java.lang.Object java.lang.invoke.DelegatingMethodHandle$Holder.reinvoke_L(java.lang.Object, java.lang.Object, java.lang.Object, java.lang.Object, java.lang.Object, java.lang.Object, java.lang.Object, java.lang.Object, java.lang.Object, java.lang.Object, java.lang.Object, java.lang.Object, java.lang.Object, java.lang.Object, java.lang.Object, java.lang.Object, java.lang.Object, java.lang.Object, java.lang.Object, java.lang.Object, java.lang.O
Event: 8.436 Thread 0x000001e5d3589500 Exception <a 'java/lang/NoSuchMethodError'{0x00000000e9f4f878}: 'java.lang.Object java.lang.invoke.Invokers$Holder.invoker(java.lang.Object, java.lang.Object, java.lang.Object, java.lang.Object, java.lang.Object, java.lang.Object, java.lang.Object, java.lang.Object, java.lang.Object, java.lang.Object, java.lang.Object, java.lang.Object, java.lang.Object, java.lang.Object, java.lang.Object, java.lang.Object, java.lang.Object, java.lang.Object, java.lang.Object, java.lang.Object, java.lang.Object, java.lang.
Event: 8.436 Thread 0x000001e5d3589500 Exception <a 'java/lang/NoSuchMethodError'{0x00000000e9f56cf8}: 'java.lang.Object java.lang.invoke.DelegatingMethodHandle$Holder.delegate(java.lang.Object, java.lang.Object, java.lang.Object, java.lang.Object, java.lang.Object, java.lang.Object, java.lang.Object, java.lang.Object, java.lang.Object, java.lang.Object, java.lang.Object, java.lang.Object, java.lang.Object, java.lang.Object, java.lang.Object, java.lang.Object, java.lang.Object, java.lang.Object, java.lang.Object, java.lang.Object, java.lang.Obj
Event: 8.442 Thread 0x000001e5d3589500 Exception <a 'java/lang/NoSuchMethodError'{0x00000000e9e29990}: 'java.lang.Object java.lang.invoke.DirectMethodHandle$Holder.invokeStatic(java.lang.Object, java.lang.Object, java.lang.Object, java.lang.Object, java.lang.Object, java.lang.Object, java.lang.Object, java.lang.Object, java.lang.Object, java.lang.Object, java.lang.Object, java.lang.Object, java.lang.Object, java.lang.Object, java.lang.Object, java.lang.Object, java.lang.Object)'> (0x00000000e9e29990) 
thrown [s\open\src\hotspot\share\interprete
Event: 8.445 Thread 0x000001e5d3589500 Exception <a 'java/lang/NoSuchMethodError'{0x00000000e9e53250}: 'java.lang.Object java.lang.invoke.DirectMethodHandle$Holder.invokeStatic(java.lang.Object, java.lang.Object, java.lang.Object, java.lang.Object, java.lang.Object, java.lang.Object, java.lang.Object, java.lang.Object, java.lang.Object, java.lang.Object, java.lang.Object, java.lang.Object, java.lang.Object, java.lang.Object, java.lang.Object, java.lang.Object, java.lang.Object, java.lang.Object)'> (0x00000000e9e53250) 
thrown [s\open\src\hotspo
Event: 8.446 Thread 0x000001e5d3589500 Exception <a 'java/lang/NoSuchMethodError'{0x00000000e9e7de00}: 'java.lang.Object java.lang.invoke.DirectMethodHandle$Holder.invokeStatic(java.lang.Object, java.lang.Object, java.lang.Object, java.lang.Object, java.lang.Object, java.lang.Object, java.lang.Object, java.lang.Object, java.lang.Object, java.lang.Object, java.lang.Object, java.lang.Object, java.lang.Object, java.lang.Object, java.lang.Object, java.lang.Object, java.lang.Object, java.lang.Object, java.lang.Object)'> (0x00000000e9e7de00) 
thrown 
Event: 8.449 Thread 0x000001e5d3589500 Exception <a 'java/lang/NoSuchMethodError'{0x00000000e9ea98a0}: 'java.lang.Object java.lang.invoke.DirectMethodHandle$Holder.invokeStatic(java.lang.Object, java.lang.Object, java.lang.Object, java.lang.Object, java.lang.Object, java.lang.Object, java.lang.Object, java.lang.Object, java.lang.Object, java.lang.Object, java.lang.Object, java.lang.Object, java.lang.Object, java.lang.Object, java.lang.Object, java.lang.Object, java.lang.Object, java.lang.Object, java.lang.Object, java.lang.Object)'> (0x00000000
Event: 8.451 Thread 0x000001e5d3589500 Exception <a 'java/lang/NoSuchMethodError'{0x00000000e9ed61d0}: 'java.lang.Object java.lang.invoke.DirectMethodHandle$Holder.invokeStatic(java.lang.Object, java.lang.Object, java.lang.Object, java.lang.Object, java.lang.Object, java.lang.Object, java.lang.Object, java.lang.Object, java.lang.Object, java.lang.Object, java.lang.Object, java.lang.Object, java.lang.Object, java.lang.Object, java.lang.Object, java.lang.Object, java.lang.Object, java.lang.Object, java.lang.Object, java.lang.Object, java.lang.Obj
Event: 8.453 Thread 0x000001e5d3589500 Exception <a 'java/lang/NoSuchMethodError'{0x00000000e9d045a0}: 'java.lang.Object java.lang.invoke.DirectMethodHandle$Holder.invokeStatic(java.lang.Object, java.lang.Object, java.lang.Object, java.lang.Object, java.lang.Object, java.lang.Object, java.lang.Object, java.lang.Object, java.lang.Object, java.lang.Object, java.lang.Object, java.lang.Object, java.lang.Object, java.lang.Object, java.lang.Object, java.lang.Object, java.lang.Object, java.lang.Object, java.lang.Object, java.lang.Object, java.lang.Obj
Event: 8.454 Thread 0x000001e5d3589500 Exception <a 'java/lang/NoSuchMethodError'{0x00000000e9d32bb0}: 'java.lang.Object java.lang.invoke.DirectMethodHandle$Holder.invokeStatic(java.lang.Object, java.lang.Object, java.lang.Object, java.lang.Object, java.lang.Object, java.lang.Object, java.lang.Object, java.lang.Object, java.lang.Object, java.lang.Object, java.lang.Object, java.lang.Object, java.lang.Object, java.lang.Object, java.lang.Object, java.lang.Object, java.lang.Object, java.lang.Object, java.lang.Object, java.lang.Object, java.lang.Obj
Event: 8.456 Thread 0x000001e5d3589500 Exception <a 'java/lang/NoSuchMethodError'{0x00000000e9d62c80}: 'java.lang.Object java.lang.invoke.DirectMethodHandle$Holder.invokeStatic(java.lang.Object, java.lang.Object, java.lang.Object, java.lang.Object, java.lang.Object, java.lang.Object, java.lang.Object, java.lang.Object, java.lang.Object, java.lang.Object, java.lang.Object, java.lang.Object, java.lang.Object, java.lang.Object, java.lang.Object, java.lang.Object, java.lang.Object, java.lang.Object, java.lang.Object, java.lang.Object, java.lang.Obj
Event: 8.458 Thread 0x000001e5d3589500 Exception <a 'java/lang/NoSuchMethodError'{0x00000000e9d94a48}: 'java.lang.Object java.lang.invoke.DirectMethodHandle$Holder.invokeStatic(java.lang.Object, java.lang.Object, java.lang.Object, java.lang.Object, java.lang.Object, java.lang.Object, java.lang.Object, java.lang.Object, java.lang.Object, java.lang.Object, java.lang.Object, java.lang.Object, java.lang.Object, java.lang.Object, java.lang.Object, java.lang.Object, java.lang.Object, java.lang.Object, java.lang.Object, java.lang.Object, java.lang.Obj
Event: 8.600 Thread 0x000001e5d3589500 Exception <a 'java/lang/NoSuchMethodError'{0x00000000e935e2e8}: 'java.lang.Object java.lang.invoke.DirectMethodHandle$Holder.newInvokeSpecial(java.lang.Object, java.lang.Object, java.lang.Object, java.lang.Object, int)'> (0x00000000e935e2e8) 
thrown [s\open\src\hotspot\share\interpreter\linkResolver.cpp, line 759]
Event: 8.600 Thread 0x000001e5d3589500 Exception <a 'java/lang/NoSuchMethodError'{0x00000000e9363c80}: 'java.lang.Object java.lang.invoke.DirectMethodHandle$Holder.invokeSpecial(java.lang.Object, java.lang.Object, java.lang.Object, java.lang.Object, java.lang.Object, int)'> (0x00000000e9363c80) 
thrown [s\open\src\hotspot\share\interpreter\linkResolver.cpp, line 759]
Event: 8.600 Thread 0x000001e5d3589500 Exception <a 'java/lang/NoSuchMethodError'{0x00000000e9368ca8}: 'java.lang.Object java.lang.invoke.Invokers$Holder.linkToTargetMethod(java.lang.Object, java.lang.Object, java.lang.Object, int, java.lang.Object)'> (0x00000000e9368ca8) 
thrown [s\open\src\hotspot\share\interpreter\linkResolver.cpp, line 759]

VM Operations (20 events):
Event: 7.349 Executing VM operation: HandshakeAllThreads
Event: 7.350 Executing VM operation: HandshakeAllThreads done
Event: 7.708 Executing VM operation: ICBufferFull
Event: 7.708 Executing VM operation: ICBufferFull done
Event: 7.923 Executing VM operation: HandshakeAllThreads
Event: 7.923 Executing VM operation: HandshakeAllThreads done
Event: 8.031 Executing VM operation: ICBufferFull
Event: 8.031 Executing VM operation: ICBufferFull done
Event: 8.047 Executing VM operation: HandshakeAllThreads
Event: 8.047 Executing VM operation: HandshakeAllThreads done
Event: 8.237 Executing VM operation: HandshakeAllThreads
Event: 8.238 Executing VM operation: HandshakeAllThreads done
Event: 8.441 Executing VM operation: HandshakeAllThreads
Event: 8.441 Executing VM operation: HandshakeAllThreads done
Event: 8.515 Executing VM operation: HandshakeAllThreads
Event: 8.515 Executing VM operation: HandshakeAllThreads done
Event: 8.590 Executing VM operation: ICBufferFull
Event: 8.590 Executing VM operation: ICBufferFull done
Event: 8.808 Executing VM operation: G1CollectForAllocation
Event: 8.818 Executing VM operation: G1CollectForAllocation done

Events (20 events):
Event: 8.628 loading class javax/xml/parsers/FactoryFinder$1 done
Event: 8.629 loading class com/sun/org/apache/xerces/internal/jaxp/DocumentBuilderFactoryImpl
Event: 8.629 loading class com/sun/org/apache/xerces/internal/jaxp/DocumentBuilderFactoryImpl done
Event: 8.629 loading class com/sun/org/apache/xerces/internal/utils/XMLSecurityManager
Event: 8.629 loading class com/sun/org/apache/xerces/internal/utils/XMLSecurityManager done
Event: 8.630 loading class com/sun/org/apache/xerces/internal/utils/XMLSecurityManager$Limit
Event: 8.630 loading class com/sun/org/apache/xerces/internal/utils/XMLSecurityManager$Limit done
Event: 8.630 loading class com/sun/org/apache/xerces/internal/utils/XMLSecurityManager$NameMap
Event: 8.630 loading class com/sun/org/apache/xerces/internal/utils/XMLSecurityManager$NameMap done
Event: 8.630 loading class com/sun/org/apache/xerces/internal/utils/XMLSecurityPropertyManager
Event: 8.630 loading class com/sun/org/apache/xerces/internal/utils/XMLSecurityPropertyManager done
Event: 8.630 loading class com/sun/org/apache/xerces/internal/utils/XMLSecurityPropertyManager$State
Event: 8.630 loading class com/sun/org/apache/xerces/internal/utils/XMLSecurityPropertyManager$State done
Event: 8.630 loading class com/sun/org/apache/xerces/internal/utils/XMLSecurityPropertyManager$Property
Event: 8.630 loading class com/sun/org/apache/xerces/internal/utils/XMLSecurityPropertyManager$Property done
Event: 8.686 loading class java/util/regex/Pattern$SliceI
Event: 8.686 loading class java/util/regex/Pattern$SliceI done
Event: 8.704 Thread 0x000001e5d34b34c0 Thread added: 0x000001e5d34b34c0
Event: 8.706 loading class java/lang/Byte$ByteCache
Event: 8.706 loading class java/lang/Byte$ByteCache done


Dynamic libraries:
0x00007ff6fa8a0000 - 0x00007ff6fa8b0000 	C:\Program Files\Java\jdk-17\bin\java.exe
0x00007ffda5170000 - 0x00007ffda5368000 	C:\WINDOWS\SYSTEM32\ntdll.dll
0x00007ffda4480000 - 0x00007ffda453d000 	C:\WINDOWS\System32\KERNEL32.DLL
0x00007ffda29f0000 - 0x00007ffda2ce6000 	C:\WINDOWS\System32\KERNELBASE.dll
0x00007ffda2850000 - 0x00007ffda2950000 	C:\WINDOWS\System32\ucrtbase.dll
0x00007ffd9add0000 - 0x00007ffd9ade9000 	C:\Program Files\Java\jdk-17\bin\jli.dll
0x00007ffd878f0000 - 0x00007ffd8790b000 	C:\Program Files\Java\jdk-17\bin\VCRUNTIME140.dll
0x00007ffda43d0000 - 0x00007ffda447f000 	C:\WINDOWS\System32\ADVAPI32.dll
0x00007ffda3210000 - 0x00007ffda32ae000 	C:\WINDOWS\System32\msvcrt.dll
0x00007ffda3c60000 - 0x00007ffda3cfc000 	C:\WINDOWS\System32\sechost.dll
0x00007ffda3660000 - 0x00007ffda3786000 	C:\WINDOWS\System32\RPCRT4.dll
0x00007ffda3790000 - 0x00007ffda392e000 	C:\WINDOWS\System32\USER32.dll
0x00007ffd84db0000 - 0x00007ffd8504a000 	C:\WINDOWS\WinSxS\amd64_microsoft.windows.common-controls_6595b64144ccf1df_6.0.19041.3636_none_60b6a03d71f818d5\COMCTL32.dll
0x00007ffda2cf0000 - 0x00007ffda2d12000 	C:\WINDOWS\System32\win32u.dll
0x00007ffda31d0000 - 0x00007ffda31fc000 	C:\WINDOWS\System32\GDI32.dll
0x00007ffda2dd0000 - 0x00007ffda2eea000 	C:\WINDOWS\System32\gdi32full.dll
0x00007ffda2950000 - 0x00007ffda29ed000 	C:\WINDOWS\System32\msvcp_win.dll
0x00007ffd93340000 - 0x00007ffd9334a000 	C:\WINDOWS\SYSTEM32\VERSION.dll
0x00007ffda3d00000 - 0x00007ffda3d30000 	C:\WINDOWS\System32\IMM32.DLL
0x00007ffd9b430000 - 0x00007ffd9b43c000 	C:\Program Files\Java\jdk-17\bin\vcruntime140_1.dll
0x00007ffd79420000 - 0x00007ffd794ae000 	C:\Program Files\Java\jdk-17\bin\msvcp140.dll
0x00007ffd41750000 - 0x00007ffd42331000 	C:\Program Files\Java\jdk-17\bin\server\jvm.dll
0x00007ffda33e0000 - 0x00007ffda33e8000 	C:\WINDOWS\System32\PSAPI.DLL
0x00007ffd99860000 - 0x00007ffd99869000 	C:\WINDOWS\SYSTEM32\WSOCK32.dll
0x00007ffd88f40000 - 0x00007ffd88f67000 	C:\WINDOWS\SYSTEM32\WINMM.dll
0x00007ffda3b60000 - 0x00007ffda3bcb000 	C:\WINDOWS\System32\WS2_32.dll
0x00007ffda1060000 - 0x00007ffda1072000 	C:\WINDOWS\SYSTEM32\kernel.appcore.dll
0x00007ffd92bb0000 - 0x00007ffd92bba000 	C:\Program Files\Java\jdk-17\bin\jimage.dll
0x00007ffda0d80000 - 0x00007ffda0f64000 	C:\WINDOWS\SYSTEM32\DBGHELP.DLL
0x00007ffd92a50000 - 0x00007ffd92a84000 	C:\WINDOWS\SYSTEM32\dbgcore.DLL
0x00007ffda3110000 - 0x00007ffda3192000 	C:\WINDOWS\System32\bcryptPrimitives.dll
0x00007ffd91fd0000 - 0x00007ffd91fde000 	C:\Program Files\Java\jdk-17\bin\instrument.dll
0x00007ffd82030000 - 0x00007ffd82055000 	C:\Program Files\Java\jdk-17\bin\java.dll
0x00007ffd74600000 - 0x00007ffd746d7000 	C:\Program Files\Java\jdk-17\bin\jsvml.dll
0x00007ffda4550000 - 0x00007ffda4c94000 	C:\WINDOWS\System32\SHELL32.dll
0x00007ffda0510000 - 0x00007ffda0cab000 	C:\WINDOWS\SYSTEM32\windows.storage.dll
0x00007ffda3d30000 - 0x00007ffda4084000 	C:\WINDOWS\System32\combase.dll
0x00007ffda20e0000 - 0x00007ffda210d000 	C:\WINDOWS\SYSTEM32\Wldp.dll
0x00007ffda3930000 - 0x00007ffda39dd000 	C:\WINDOWS\System32\SHCORE.dll
0x00007ffda39e0000 - 0x00007ffda3a35000 	C:\WINDOWS\System32\shlwapi.dll
0x00007ffda2780000 - 0x00007ffda27a5000 	C:\WINDOWS\SYSTEM32\profapi.dll
0x00007ffd7ec00000 - 0x00007ffd7ec18000 	C:\Program Files\Java\jdk-17\bin\zip.dll
0x00007ffd7ebe0000 - 0x00007ffd7ebf9000 	C:\Program Files\Java\jdk-17\bin\net.dll
0x00007ffd931a0000 - 0x00007ffd932aa000 	C:\WINDOWS\SYSTEM32\WINHTTP.dll
0x00007ffda1ec0000 - 0x00007ffda1f2a000 	C:\WINDOWS\system32\mswsock.dll
0x00007ffd7a2c0000 - 0x00007ffd7a2d6000 	C:\Program Files\Java\jdk-17\bin\nio.dll
0x00007ffd90830000 - 0x00007ffd90840000 	C:\Program Files\Java\jdk-17\bin\verify.dll
0x00007ffd87d30000 - 0x00007ffd87d57000 	C:\Users\lenovo\.gradle\native\c067742578af261105cb4f569cf0c3c89f3d7b1fecec35dd04571415982c5e48\windows-amd64\native-platform.dll
0x00007ffd5fc00000 - 0x00007ffd5fd44000 	C:\Users\lenovo\.gradle\native\38dada09dfb8b06ba9b0570ebf7e218e3eb74d4ef43ca46872605cf95ebc2f47\windows-amd64\native-platform-file-events.dll
0x00007ffd8f100000 - 0x00007ffd8f10a000 	C:\Program Files\Java\jdk-17\bin\management.dll
0x00007ffd89d60000 - 0x00007ffd89d6b000 	C:\Program Files\Java\jdk-17\bin\management_ext.dll
0x00007ffda2120000 - 0x00007ffda2138000 	C:\WINDOWS\SYSTEM32\CRYPTSP.dll
0x00007ffda1810000 - 0x00007ffda1844000 	C:\WINDOWS\system32\rsaenh.dll
0x00007ffda31a0000 - 0x00007ffda31c7000 	C:\WINDOWS\System32\bcrypt.dll
0x00007ffda2740000 - 0x00007ffda276e000 	C:\WINDOWS\SYSTEM32\USERENV.dll
0x00007ffda2050000 - 0x00007ffda205c000 	C:\WINDOWS\SYSTEM32\CRYPTBASE.dll
0x00007ffda1bd0000 - 0x00007ffda1c0b000 	C:\WINDOWS\SYSTEM32\IPHLPAPI.DLL
0x00007ffda3200000 - 0x00007ffda3208000 	C:\WINDOWS\System32\NSI.dll
0x00007ffd99790000 - 0x00007ffd997a7000 	C:\WINDOWS\SYSTEM32\dhcpcsvc6.DLL
0x00007ffd99770000 - 0x00007ffd9978d000 	C:\WINDOWS\SYSTEM32\dhcpcsvc.DLL
0x00007ffda1c10000 - 0x00007ffda1cda000 	C:\WINDOWS\SYSTEM32\DNSAPI.dll
0x00007ffd87d20000 - 0x00007ffd87d2e000 	C:\Program Files\Java\jdk-17\bin\sunmscapi.dll
0x00007ffda2fb0000 - 0x00007ffda310d000 	C:\WINDOWS\System32\CRYPT32.dll
0x00007ffda2230000 - 0x00007ffda2257000 	C:\WINDOWS\SYSTEM32\ncrypt.dll
0x00007ffda21f0000 - 0x00007ffda222b000 	C:\WINDOWS\SYSTEM32\NTASN1.dll
0x00007ffd92250000 - 0x00007ffd92257000 	C:\WINDOWS\system32\wshunix.dll

dbghelp: loaded successfully - version: 4.0.5 - missing functions: none
symbol engine: initialized successfully - sym options: 0x614 - pdb path: .;C:\Program Files\Java\jdk-17\bin;C:\WINDOWS\SYSTEM32;C:\WINDOWS\WinSxS\amd64_microsoft.windows.common-controls_6595b64144ccf1df_6.0.19041.3636_none_60b6a03d71f818d5;C:\Program Files\Java\jdk-17\bin\server;C:\Users\lenovo\.gradle\native\c067742578af261105cb4f569cf0c3c89f3d7b1fecec35dd04571415982c5e48\windows-amd64;C:\Users\lenovo\.gradle\native\38dada09dfb8b06ba9b0570ebf7e218e3eb74d4ef43ca46872605cf95ebc2f47\windows-amd64

VM Arguments:
jvm_args: --add-opens=java.base/java.util=ALL-UNNAMED --add-opens=java.base/java.lang=ALL-UNNAMED --add-opens=java.base/java.lang.invoke=ALL-UNNAMED --add-opens=java.prefs/java.util.prefs=ALL-UNNAMED --add-opens=java.base/java.nio.charset=ALL-UNNAMED --add-opens=java.base/java.net=ALL-UNNAMED --add-opens=java.base/java.util.concurrent.atomic=ALL-UNNAMED -XX:MaxMetaspaceSize=384m -XX:+HeapDumpOnOutOfMemoryError -Xms256m -Xmx512m -Dfile.encoding=windows-1252 -Duser.country=US -Duser.language=en -Duser.variant -javaagent:C:\Users\lenovo\.gradle\wrapper\dists\gradle-8.4-bin\1w5dpkrfk8irigvoxmyhowfim\gradle-8.4\lib\agents\gradle-instrumentation-agent-8.4.jar 
java_command: org.gradle.launcher.daemon.bootstrap.GradleDaemon 8.4
java_class_path (initial): C:\Users\lenovo\.gradle\wrapper\dists\gradle-8.4-bin\1w5dpkrfk8irigvoxmyhowfim\gradle-8.4\lib\gradle-launcher-8.4.jar
Launcher Type: SUN_STANDARD

[Global flags]
     intx CICompilerCount                          = 4                                         {product} {ergonomic}
   size_t CompressedClassSpaceSize                 = 335544320                                 {product} {ergonomic}
     uint ConcGCThreads                            = 2                                         {product} {ergonomic}
     uint G1ConcRefinementThreads                  = 8                                         {product} {ergonomic}
   size_t G1HeapRegionSize                         = 1048576                                   {product} {ergonomic}
    uintx GCDrainStackTargetSize                   = 64                                        {product} {ergonomic}
     bool HeapDumpOnOutOfMemoryError               = true                                   {manageable} {command line}
   size_t InitialHeapSize                          = 268435456                                 {product} {command line}
   size_t MarkStackSize                            = 4194304                                   {product} {ergonomic}
   size_t MaxHeapSize                              = 536870912                                 {product} {command line}
   size_t MaxMetaspaceSize                         = 402653184                                 {product} {command line}
   size_t MaxNewSize                               = 321912832                                 {product} {ergonomic}
   size_t MinHeapDeltaBytes                        = 1048576                                   {product} {ergonomic}
   size_t MinHeapSize                              = 268435456                                 {product} {command line}
    uintx NonNMethodCodeHeapSize                   = 5839372                                {pd product} {ergonomic}
    uintx NonProfiledCodeHeapSize                  = 122909434                              {pd product} {ergonomic}
    uintx ProfiledCodeHeapSize                     = 122909434                              {pd product} {ergonomic}
    uintx ReservedCodeCacheSize                    = 251658240                              {pd product} {ergonomic}
     bool SegmentedCodeCache                       = true                                      {product} {ergonomic}
   size_t SoftMaxHeapSize                          = 536870912                              {manageable} {ergonomic}
     bool UseCompressedClassPointers               = true                           {product lp64_product} {ergonomic}
     bool UseCompressedOops                        = true                           {product lp64_product} {ergonomic}
     bool UseG1GC                                  = true                                      {product} {ergonomic}
     bool UseLargePagesIndividualAllocation        = false                                  {pd product} {ergonomic}

Logging:
Log output configuration:
 #0: stdout all=warning uptime,level,tags
 #1: stderr all=off uptime,level,tags

Environment Variables:
JAVA_HOME=C:\Program Files\Java\jdk-17
PATH=C:\Program Files\Common Files\Oracle\Java\javapath;C:\Python310\Scripts\;C:\Python310\;C:\Program Files (x86)\Common Files\Oracle\Java\javapath;C:\Windows\system32;C:\Windows;C:\Windows\System32\Wbem;C:\Windows\System32\WindowsPowerShell\v1.0\;C:\Windows\System32\OpenSSH\;C:\WINDOWS\system32;C:\WINDOWS;C:\WINDOWS\System32\Wbem;C:\WINDOWS\System32\WindowsPowerShell\v1.0\;C:\WINDOWS\System32\OpenSSH\;C:\Program Files (x86)\NVIDIA Corporation\PhysX\Common;C:\Program Files\NVIDIA Corporation\NVIDIA NvDLISR;D:\putty\;C:\WINDOWS\system32;C:\WINDOWS;C:\WINDOWS\System32\Wbem;C:\WINDOWS\System32\WindowsPowerShell\v1.0\;C:\WINDOWS\System32\OpenSSH\;C:\Program Files\dotnet\;C:\Program Files\Microsoft SQL Server\130\Tools\Binn\;C:\PROGRA~2\Aldec\ACTIVE~1.3\BIN;D:\;C:\ProgramData\chocolatey\bin;D:\Git\cmd;D:\MATLAB\bin;C:\Program Files\MySQL\MySQL Server 8.0\bin;C:\Python34\Scripts;C:\Users\lenovo\AppData\Local\Packages\PythonSoftwareFoundation.Python.3.11_qbz5n2kfra8p0\LocalCache\local-packages\Python311\Scripts;C:\Program Files\Common Files\Oracle\Java\javapath;C:\Python310\Scripts\;C:\Python310\;C:\Program Files (x86)\Common Files\Oracle\Java\javapath;C:\Windows\system32;C:\Windows;C:\Windows\System32\Wbem;C:\Windows\System32\WindowsPowerShell\v1.0\;C:\Windows\System32\OpenSSH\;C:\WINDOWS\system32;C:\WINDOWS;C:\WINDOWS\System32\Wbem;C:\WINDOWS\System32\WindowsPowerShell\v1.0\;C:\WINDOWS\System32\OpenSSH\;C:\Program Files (x86)\NVIDIA Corporation\PhysX\Common;C:\Program Files\NVIDIA Corporation\NVIDIA NvDLISR;D:\putty\;C:\WINDOWS\system32;C:\WINDOWS;C:\WINDOWS\System32\Wbem;C:\WINDOWS\System32\WindowsPowerShell\v1.0\;C:\WINDOWS\System32\OpenSSH\;C:\Program Files\dotnet\;C:\Program Files\Microsoft SQL Server\130\Tools\Binn\;C:\PROGRA~2\Aldec\ACTIVE~1.3\BIN;D:\;C:\ProgramData\chocolatey\bin;D:\Git\cmd;D:\MATLAB\bin;C:\Program Files\MySQL\MySQL Server 8.0\bin;D:\ELM\0.19.1\bin;C:\Users\lenovo\AppData\Local\Microsoft\WindowsApps;;D:\OJI\FP\bin\i386-Win32;C:\Program Files (x86)\N
USERNAME=lenovo
OS=Windows_NT
PROCESSOR_IDENTIFIER=Intel64 Family 6 Model 158 Stepping 10, GenuineIntel



---------------  S Y S T E M  ---------------

OS:
 Windows 10 , 64 bit Build 19041 (10.0.19041.3636)
OS uptime: 4 days 2:30 hours
Hyper-V role detected

CPU: total 8 (initial active 8) (4 cores per cpu, 2 threads per core) family 6 model 158 stepping 10 microcode 0xb4, cx8, cmov, fxsr, ht, mmx, 3dnowpref, sse, sse2, sse3, ssse3, sse4.1, sse4.2, popcnt, lzcnt, tsc, tscinvbit, avx, avx2, aes, erms, clmul, bmi1, bmi2, adx, fma, vzeroupper, clflush, clflushopt, hv

Memory: 4k page, system-wide physical 8072M (523M free)
TotalPageFile size 20142M (AvailPageFile size 6M)
current process WorkingSet (physical memory assigned to process): 385M, peak: 386M
current process commit charge ("private bytes"): 488M, peak: 490M

vm_info: Java HotSpot(TM) 64-Bit Server VM (17.0.9+11-LTS-201) for windows-amd64 JRE (17.0.9+11-LTS-201), built on Oct 10 2023 23:16:06 by "mach5one" with MS VC++ 17.1 (VS2022)

END.
